
FailedConsole Output
Started by user Nutan Choudhari
12:42:04 Connecting to https://api.github.com using ravishjoshi/****** (ravishjoshi-lumen-https)
Obtained Jenkinsfile from 15859118e25aba551cfeb2a8e5bb7a10a5aed6f0
Running in Durability level: MAX_SURVIVABILITY
[Pipeline] Start of Pipeline
[Pipeline] library
Loading library jsl-jenkins-shared-library-local@release/20220617
Attempting to resolve release/20220617 from remote references...
 > git --version # timeout=10
 > git --version # 'git version 2.20.1'
 > git ls-remote -- /app/jenkins/git/jsl-jenkins-shared-library.git # timeout=10
ERROR: Checkout failed
hudson.plugins.git.GitException: Command "git ls-remote -- /app/jenkins/git/jsl-jenkins-shared-library.git" returned status code 128:
stdout: 
stderr: fatal: '/app/jenkins/git/jsl-jenkins-shared-library.git' does not appear to be a git repository
fatal: Could not read from remote repository.

Please make sure you have the correct access rights
and the repository exists.

	at org.jenkinsci.plugins.gitclient.CliGitAPIImpl.launchCommandIn(CliGitAPIImpl.java:2450)
	at org.jenkinsci.plugins.gitclient.CliGitAPIImpl.launchCommandWithCredentials(CliGitAPIImpl.java:2051)
	at org.jenkinsci.plugins.gitclient.CliGitAPIImpl.launchCommandWithCredentials(CliGitAPIImpl.java:1951)
	at org.jenkinsci.plugins.gitclient.CliGitAPIImpl.launchCommandWithCredentials(CliGitAPIImpl.java:1942)
	at org.jenkinsci.plugins.gitclient.CliGitAPIImpl.getRemoteReferences(CliGitAPIImpl.java:3381)
	at jenkins.plugins.git.AbstractGitSCMSource.retrieve(AbstractGitSCMSource.java:838)
	at jenkins.scm.api.SCMSource.fetch(SCMSource.java:636)
	at org.jenkinsci.plugins.workflow.libs.SCMSourceRetriever.lambda$retrieve$0(SCMSourceRetriever.java:92)
	at org.jenkinsci.plugins.workflow.libs.SCMSourceRetriever.retrySCMOperation(SCMSourceRetriever.java:107)
	at org.jenkinsci.plugins.workflow.libs.SCMSourceRetriever.retrieve(SCMSourceRetriever.java:92)
	at org.jenkinsci.plugins.workflow.libs.LibraryAdder.retrieve(LibraryAdder.java:157)
	at org.jenkinsci.plugins.workflow.libs.LibraryStep$Execution.run(LibraryStep.java:208)
	at org.jenkinsci.plugins.workflow.libs.LibraryStep$Execution.run(LibraryStep.java:155)
	at org.jenkinsci.plugins.workflow.steps.AbstractSynchronousNonBlockingStepExecution$1$1.call(AbstractSynchronousNonBlockingStepExecution.java:47)
	at hudson.security.ACL.impersonate2(ACL.java:449)
	at hudson.security.ACL.impersonate(ACL.java:461)
	at org.jenkinsci.plugins.workflow.steps.AbstractSynchronousNonBlockingStepExecution$1.run(AbstractSynchronousNonBlockingStepExecution.java:44)
	at java.util.concurrent.Executors$RunnableAdapter.call(Executors.java:511)
	at java.util.concurrent.FutureTask.run(FutureTask.java:266)
	at java.util.concurrent.ThreadPoolExecutor.runWorker(ThreadPoolExecutor.java:1149)
	at java.util.concurrent.ThreadPoolExecutor$Worker.run(ThreadPoolExecutor.java:624)
	at java.lang.Thread.run(Thread.java:748)
[Pipeline] library
Loading library jsl-jenkins-shared-library@release/20220617
Attempting to resolve release/20220617 from remote references...
 > git --version # timeout=10
 > git --version # 'git version 2.20.1'
using GIT_ASKPASS to set credentials ravishjoshi-lumen-https
 > git ls-remote -- https://github.com/CenturyLink/jsl-jenkins-shared-library.git # timeout=10
Found match: refs/heads/release/20220617 revision 0ffcc73726edadcaddc7c61aca9428134c6d64ac
The recommended git tool is: git
using credential ravishjoshi-lumen-https
Wiping out workspace first.
Cloning the remote Git repository
Cloning with configured refspecs honoured and without tags
Cloning repository https://github.com/CenturyLink/jsl-jenkins-shared-library.git
 > git init /var/jenkins_home/workspace/ARDIAN_ng911-synergem-api_master@libs/jsl-jenkins-shared-library # timeout=10
Fetching upstream changes from https://github.com/CenturyLink/jsl-jenkins-shared-library.git
 > git --version # timeout=10
 > git --version # 'git version 2.20.1'
using GIT_ASKPASS to set credentials ravishjoshi-lumen-https
 > git fetch --no-tags --force --progress -- https://github.com/CenturyLink/jsl-jenkins-shared-library.git +refs/heads/*:refs/remotes/origin/* # timeout=10
 > git config remote.origin.url https://github.com/CenturyLink/jsl-jenkins-shared-library.git # timeout=10
 > git config --add remote.origin.fetch +refs/heads/*:refs/remotes/origin/* # timeout=10
Avoid second fetch
Checking out Revision 0ffcc73726edadcaddc7c61aca9428134c6d64ac (release/20220617)
 > git config core.sparsecheckout # timeout=10
 > git checkout -f 0ffcc73726edadcaddc7c61aca9428134c6d64ac # timeout=10
Exception logging commit message for Build #82 of Revision 0ffcc73726edadcaddc7c61aca9428134c6d64ac (release/20220617): java.io.IOException: Cannot read file /var/jenkins_home/.config/jgit/config
 > git rev-list --no-walk 0ffcc73726edadcaddc7c61aca9428134c6d64ac # timeout=10
[Pipeline] node
Running on Jenkins in /var/jenkins_home/workspace/ARDIAN_ng911-synergem-api_master
[Pipeline] {
[Pipeline] echo
Placeholder to integrate Service Now DevOps Module in  Declarative: Checkout SCM stage.
[Pipeline] stage
[Pipeline] { (Declarative: Checkout SCM)
[Pipeline] checkout
The recommended git tool is: NONE
using credential ravishjoshi-lumen-https
 > git rev-parse --is-inside-work-tree # timeout=10
Fetching changes from the remote Git repository
 > git config remote.origin.url https://github.com/CenturyLink/ps-ng911-synergem.git # timeout=10
Fetching without tags
Fetching upstream changes from https://github.com/CenturyLink/ps-ng911-synergem.git
 > git --version # timeout=10
 > git --version # 'git version 2.20.1'
using GIT_ASKPASS to set credentials ravishjoshi-lumen-https
 > git fetch --no-tags --force --progress -- https://github.com/CenturyLink/ps-ng911-synergem.git +refs/heads/master:refs/remotes/origin/master # timeout=10
Checking out Revision 15859118e25aba551cfeb2a8e5bb7a10a5aed6f0 (master)
 > git config core.sparsecheckout # timeout=10
 > git checkout -f 15859118e25aba551cfeb2a8e5bb7a10a5aed6f0 # timeout=10
Exception logging commit message for Build #82 of Revision 15859118e25aba551cfeb2a8e5bb7a10a5aed6f0 (master): java.io.IOException: Cannot read file /var/jenkins_home/.config/jgit/config
 > git rev-list --no-walk 03e82de5ffd38a0c8f85719e3bf5de4d825368bb # timeout=10
[Pipeline] }
[Pipeline] // stage
[Pipeline] withEnv
[Pipeline] {
[Pipeline] withEnv
[Pipeline] {
[Pipeline] timestamps
[Pipeline] {
[Pipeline] timeout
18:12:13  Timeout set to expire in 1 hr 0 min
[Pipeline] {
[Pipeline] echo
18:12:13  Placeholder to integrate Service Now DevOps Module in  Declarative: Tool Install stage.
[Pipeline] stage
[Pipeline] { (Declarative: Tool Install)
[Pipeline] tool
[Pipeline] envVarsForTool
[Pipeline] }
[Pipeline] // stage
[Pipeline] withEnv
[Pipeline] {
[Pipeline] echo
18:12:13  Placeholder to integrate Service Now DevOps Module in  Static Code Analysis stage.
[Pipeline] stage
[Pipeline] { (Static Code Analysis)
[Pipeline] parallel
[Pipeline] { (Branch: Linting)
[Pipeline] { (Branch: DevSecOps)
[Pipeline] echo
18:12:14  Placeholder to integrate Service Now DevOps Module in  Linting stage.
[Pipeline] stage
[Pipeline] { (Linting)
[Pipeline] echo
18:12:14  Placeholder to integrate Service Now DevOps Module in  DevSecOps stage.
[Pipeline] stage
[Pipeline] { (DevSecOps)
[Pipeline] tool
[Pipeline] tool
[Pipeline] envVarsForTool
[Pipeline] envVarsForTool
[Pipeline] withEnv
[Pipeline] {
[Pipeline] withEnv
[Pipeline] {
[Pipeline] script
[Pipeline] {
[Pipeline] script
[Pipeline] {
[Pipeline] isUnix
[Pipeline] sh
[Pipeline] isUnix
[Pipeline] sh
18:12:15  + mvn -f ng911-synergem-api/pom.xml checkstyle:checkstyle
18:12:15  + set +x
[Pipeline] isUnix
[Pipeline] sh
18:12:15  + set +x
[Pipeline] withCredentials
18:12:15  Masking supported pattern matches of $USERNAME or $ACCESS_TOKEN
[Pipeline] {
[Pipeline] isUnix
[Pipeline] sh (GitHub Security Alert Repo)
18:12:16  + set +x
18:12:16  Checking dependencies vulnerability alerts are enabled
18:12:16  /var/jenkins_home/workspace/ARDIAN_ng911-synergem-api_master@tmp/durable-cf5524d9/script.sh: 8: /var/jenkins_home/workspace/ARDIAN_ng911-synergem-api_master@tmp/durable-cf5524d9/script.sh: [[: not found
18:12:16  [INFO] Scanning for projects...
18:12:16  Getting dependencies vulnerability alerts report
18:12:16  /var/jenkins_home/workspace/ARDIAN_ng911-synergem-api_master@tmp/durable-cf5524d9/script.sh: 17: /var/jenkins_home/workspace/ARDIAN_ng911-synergem-api_master@tmp/durable-cf5524d9/script.sh: python: not found
18:12:16    % Total    % Received % Xferd  Average Speed   Time    Time     Time  Current
18:12:16                                   Dload  Upload   Total   Spent    Left  Speed
18:12:16  [WARNING] 
18:12:16  [WARNING] Some problems were encountered while building the effective model for io.ctl.gov:ng911-synergem-api:jar:0.0.7-SNAPSHOT
18:12:16  [WARNING] 'build.plugins.plugin.version' for org.springframework.boot:spring-boot-maven-plugin is missing. @ line 176, column 12
18:12:16  [WARNING] 
18:12:16  [WARNING] It is highly recommended to fix these problems because they threaten the stability of your build.
18:12:16  [WARNING] 
18:12:16  [WARNING] For this reason, future Maven versions might no longer support building such malformed projects.
18:12:16  [WARNING] 
18:12:17  [INFO] 
18:12:17  [INFO] -------------------< io.ctl.gov:ng911-synergem-api >--------------------
18:12:17  [INFO] Building ng911-synergem-api 0.0.7-SNAPSHOT
18:12:17  [INFO] --------------------------------[ jar ]---------------------------------
18:12:17  
  0     0    0     0    0     0      0      0 --:--:-- --:--:-- --:--:--     0
100   701  100   309  100   392    608    771 --:--:-- --:--:-- --:--:--  1379
100   701  100   309  100   392    608    771 --:--:-- --:--:-- --:--:--  1377
18:12:17  (23) Failed writing body
[Pipeline] }
[Pipeline] // withCredentials
[Pipeline] isUnix
[Pipeline] sh
18:12:18  + set +x
[Pipeline] isUnix
[Pipeline] sh
18:12:18  [INFO] 
18:12:18  [INFO] --- maven-checkstyle-plugin:3.1.2:checkstyle (default-cli) @ ng911-synergem-api ---
18:12:18  + set +x
[Pipeline] withCredentials
18:12:18  Masking supported pattern matches of $USERNAME or $GITHUB_TOKEN
[Pipeline] {
[Pipeline] isUnix
[Pipeline] sh (Getting the list of branches of the repository)
18:12:18  + set +x
18:12:18    % Total    % Received % Xferd  Average Speed   Time    Time     Time  Current
18:12:18                                   Dload  Upload   Total   Spent    Left  Speed
18:12:19  [WARNING] Old version of checkstyle detected. Consider updating to >= v8.30
18:12:19  [WARNING] For more information see: https://maven.apache.org/plugins/maven-checkstyle-plugin/examples/upgrading-checkstyle.html
18:12:19  
  0     0    0     0    0     0      0      0 --:--:-- --:--:-- --:--:--     0
100  1053  100  1053    0     0   3521      0 --:--:-- --:--:-- --:--:--  3521
[Pipeline] readJSON
18:12:19  [WARNING] File encoding has not been set, using platform encoding UTF-8, i.e. build is platform dependent!
[Pipeline] writeJSON
[Pipeline] isUnix
[Pipeline] sh (Protecting branch master)
18:12:19  + set +x
18:12:19    % Total    % Received % Xferd  Average Speed   Time    Time     Time  Current
18:12:19                                   Dload  Upload   Total   Spent    Left  Speed
18:12:19  
  0     0    0     0    0     0      0      0 --:--:-- --:--:-- --:--:--     0
100   357  100   125  100   232    425    789 --:--:-- --:--:-- --:--:--  1214
18:12:19  {
18:12:19    "message": "Not Found",
18:12:19    "documentation_url": "https://docs.github.com/rest/reference/repos#update-branch-protection"
18:12:19  }
[Pipeline] isUnix
[Pipeline] sh (Cleaning up)
18:12:20  [INFO] There are 578 errors reported by Checkstyle 8.29 with sun_checks.xml ruleset.
18:12:20  [WARNING] Unable to locate Source XRef to link to - DISABLED
18:12:20  + rm -rf branch_protection.json
[Pipeline] }
18:12:20  [INFO] ------------------------------------------------------------------------
18:12:20  [INFO] BUILD SUCCESS
18:12:20  [INFO] ------------------------------------------------------------------------
18:12:20  [INFO] Total time:  3.861 s
18:12:20  [INFO] Finished at: 2022-07-01T12:42:20Z
18:12:20  [INFO] ------------------------------------------------------------------------
[Pipeline] // withCredentials
[Pipeline] archiveArtifacts
18:12:20  Archiving artifacts
18:12:20  Recording fingerprints
[Pipeline] dir
18:12:20  Running in /var/jenkins_home/workspace/ARDIAN_ng911-synergem-api_master
[Pipeline] {
[Pipeline] }
[Pipeline] findFiles
[Pipeline] // script
[Pipeline] }
[Pipeline] // withEnv
[Pipeline] }
[Pipeline] isUnix
[Pipeline] sh (Creating daumerling)
[Pipeline] // stage
[Pipeline] }
18:12:21  + md5sum Jenkinsfile
[Pipeline] stash
18:12:21  Stashed 1 file(s)
[Pipeline] }
[Pipeline] // dir
[Pipeline] }
[Pipeline] // script
[Pipeline] }
[Pipeline] // withEnv
[Pipeline] }
[Pipeline] // stage
[Pipeline] }
[Pipeline] // parallel
[Pipeline] }
[Pipeline] // stage
[Pipeline] echo
18:12:21  Placeholder to integrate Service Now DevOps Module in  Test stage.
[Pipeline] stage
[Pipeline] { (Test)
[Pipeline] tool
[Pipeline] envVarsForTool
[Pipeline] withEnv
[Pipeline] {
[Pipeline] echo
18:12:22  Placeholder to integrate Service Now DevOps Module in  Unit Tests stage.
[Pipeline] stage
[Pipeline] { (Unit Tests)
[Pipeline] tool
[Pipeline] envVarsForTool
[Pipeline] withEnv
[Pipeline] {
[Pipeline] script
[Pipeline] {
[Pipeline] isUnix
[Pipeline] sh
18:12:22  + mvn clean test --projects ng911-synergem-api
18:12:24  [INFO] Scanning for projects...
18:12:24  [WARNING] 
18:12:24  [WARNING] Some problems were encountered while building the effective model for io.ctl.gov:ng911-synergem-api:jar:0.0.7-SNAPSHOT
18:12:24  [WARNING] 'build.plugins.plugin.version' for org.springframework.boot:spring-boot-maven-plugin is missing. @ line 176, column 12
18:12:24  [WARNING] 
18:12:24  [WARNING] It is highly recommended to fix these problems because they threaten the stability of your build.
18:12:24  [WARNING] 
18:12:24  [WARNING] For this reason, future Maven versions might no longer support building such malformed projects.
18:12:24  [WARNING] 
18:12:24  [INFO] 
18:12:24  [INFO] -------------------< io.ctl.gov:ng911-synergem-api >--------------------
18:12:24  [INFO] Building ng911-synergem-api 0.0.7-SNAPSHOT
18:12:24  [INFO] --------------------------------[ jar ]---------------------------------
18:12:25  [INFO] 
18:12:25  [INFO] --- maven-clean-plugin:2.5:clean (default-clean) @ ng911-synergem-api ---
18:12:25  [INFO] Deleting /var/jenkins_home/workspace/ARDIAN_ng911-synergem-api_master/ng911-synergem-api/target
18:12:25  [INFO] 
18:12:25  [INFO] --- maven-resources-plugin:3.1.0:copy-resources (copy-resources) @ ng911-synergem-api ---
18:12:25  [WARNING] Using platform encoding (UTF-8 actually) to copy filtered resources, i.e. build is platform dependent!
18:12:25  [INFO] Copying 2 resources
18:12:25  [INFO] 
18:12:25  [INFO] --- os-maven-plugin:1.6.2:detect (default) @ ng911-synergem-api ---
18:12:25  [INFO] ------------------------------------------------------------------------
18:12:25  [INFO] Detecting the operating system and CPU architecture
18:12:25  [INFO] ------------------------------------------------------------------------
18:12:25  [INFO] os.detected.name: linux
18:12:25  [INFO] os.detected.arch: x86_64
18:12:25  [INFO] os.detected.version: 4.15
18:12:25  [INFO] os.detected.version.major: 4
18:12:25  [INFO] os.detected.version.minor: 15
18:12:25  [INFO] os.detected.release: debian
18:12:25  [INFO] os.detected.release.version: 10
18:12:25  [INFO] os.detected.release.like.debian: true
18:12:25  [INFO] os.detected.classifier: linux-x86_64
18:12:25  [INFO] 
18:12:25  [INFO] --- jacoco-maven-plugin:0.8.5:prepare-agent (default) @ ng911-synergem-api ---
18:12:25  [INFO] argLine set to -javaagent:/root/.m2/repository/org/jacoco/org.jacoco.agent/0.8.5/org.jacoco.agent-0.8.5-runtime.jar=destfile=/var/jenkins_home/workspace/ARDIAN_ng911-synergem-api_master/ng911-synergem-api/target/jacoco.exec,append=true,excludes=*MethodAccess
18:12:25  [INFO] 
18:12:25  [INFO] --- protobuf-maven-plugin:0.6.1:compile (default) @ ng911-synergem-api ---
18:12:25  [INFO] Compiling 1 proto file(s) to /var/jenkins_home/workspace/ARDIAN_ng911-synergem-api_master/ng911-synergem-api/target/generated-sources/protobuf/java
18:12:26  [INFO] 
18:12:26  [INFO] --- protobuf-maven-plugin:0.6.1:compile-custom (default) @ ng911-synergem-api ---
18:12:26  [INFO] Compiling 1 proto file(s) to /var/jenkins_home/workspace/ARDIAN_ng911-synergem-api_master/ng911-synergem-api/target/generated-sources/protobuf/grpc-java
18:12:26  [INFO] 
18:12:26  [INFO] --- maven-resources-plugin:3.1.0:resources (default-resources) @ ng911-synergem-api ---
18:12:26  [WARNING] Using platform encoding (UTF-8 actually) to copy filtered resources, i.e. build is platform dependent!
18:12:26  [INFO] Copying 2 resources
18:12:26  [INFO] Copying 1 resource
18:12:26  [INFO] Copying 1 resource
18:12:26  [INFO] 
18:12:26  [INFO] --- maven-compiler-plugin:3.2:compile (default-compile) @ ng911-synergem-api ---
18:12:26  [INFO] Changes detected - recompiling the module!
18:12:26  [WARNING] File encoding has not been set, using platform encoding UTF-8, i.e. build is platform dependent!
18:12:26  [INFO] Compiling 14 source files to /var/jenkins_home/workspace/ARDIAN_ng911-synergem-api_master/ng911-synergem-api/target/classes
18:12:29  [INFO] /var/jenkins_home/workspace/ARDIAN_ng911-synergem-api_master/ng911-synergem-api/target/generated-sources/protobuf/java/io/ctl/gov/ng911/thanos/adapter/prometheus/Prometheus.java: /var/jenkins_home/workspace/ARDIAN_ng911-synergem-api_master/ng911-synergem-api/target/generated-sources/protobuf/java/io/ctl/gov/ng911/thanos/adapter/prometheus/Prometheus.java uses or overrides a deprecated API.
18:12:29  [INFO] /var/jenkins_home/workspace/ARDIAN_ng911-synergem-api_master/ng911-synergem-api/target/generated-sources/protobuf/java/io/ctl/gov/ng911/thanos/adapter/prometheus/Prometheus.java: Recompile with -Xlint:deprecation for details.
18:12:29  [INFO] 
18:12:29  [INFO] --- maven-resources-plugin:3.1.0:testResources (default-testResources) @ ng911-synergem-api ---
18:12:29  [WARNING] Using platform encoding (UTF-8 actually) to copy filtered resources, i.e. build is platform dependent!
18:12:29  [INFO] Copying 4 resources
18:12:29  [INFO] 
18:12:29  [INFO] --- maven-compiler-plugin:3.2:testCompile (default-testCompile) @ ng911-synergem-api ---
18:12:29  [INFO] Changes detected - recompiling the module!
18:12:29  [WARNING] File encoding has not been set, using platform encoding UTF-8, i.e. build is platform dependent!
18:12:29  [INFO] Compiling 6 source files to /var/jenkins_home/workspace/ARDIAN_ng911-synergem-api_master/ng911-synergem-api/target/test-classes
18:12:29  [INFO] /var/jenkins_home/workspace/ARDIAN_ng911-synergem-api_master/ng911-synergem-api/src/test/java/io/ctl/ng911/synergem/service/DGraphServiceTest.java: /var/jenkins_home/workspace/ARDIAN_ng911-synergem-api_master/ng911-synergem-api/src/test/java/io/ctl/ng911/synergem/service/DGraphServiceTest.java uses unchecked or unsafe operations.
18:12:29  [INFO] /var/jenkins_home/workspace/ARDIAN_ng911-synergem-api_master/ng911-synergem-api/src/test/java/io/ctl/ng911/synergem/service/DGraphServiceTest.java: Recompile with -Xlint:unchecked for details.
18:12:29  [INFO] 
18:12:29  [INFO] --- maven-surefire-plugin:3.0.0-M4:test (default-test) @ ng911-synergem-api ---
18:12:30  [INFO] 
18:12:30  [INFO] -------------------------------------------------------
18:12:30  [INFO]  T E S T S
18:12:30  [INFO] -------------------------------------------------------
18:12:32  [INFO] Running io.ctl.gov.thanos.adapter.web.DocumentationTest
18:12:34  
18:12:34    .   ____          _            __ _ _
18:12:34   /\\ / ___'_ __ _ _(_)_ __  __ _ \ \ \ \
18:12:34  ( ( )\___ | '_ | '_| | '_ \/ _` | \ \ \ \
18:12:34   \\/  ___)| |_)| | | | | || (_| |  ) ) ) )
18:12:34    '  |____| .__|_| |_|_| |_\__, | / / / /
18:12:34   =========|_|==============|___/=/_/_/_/
18:12:34   :: Spring Boot ::        (v2.2.4.RELEASE)
18:12:34  
18:12:35  2022-07-01 12:42:35.067  INFO 25695 --- [           main] i.c.g.t.a.w.DocumentationTest            : Starting DocumentationTest on jenkins-85f5bd7965-4wcr2 with PID 25695 (started by root in /var/jenkins_home/workspace/ARDIAN_ng911-synergem-api_master/ng911-synergem-api)
18:12:35  2022-07-01 12:42:35.082  INFO 25695 --- [           main] i.c.g.t.a.w.DocumentationTest            : No active profile set, falling back to default profiles: default
18:12:37  2022-07-01 12:42:37.502  WARN 25695 --- [           main] o.s.s.c.u.User                           : User.withDefaultPasswordEncoder() is considered unsafe for production and is only intended for sample applications.
18:12:38  2022-07-01 12:42:37.921  INFO 25695 --- [           main] o.s.s.w.DefaultSecurityFilterChain       : Creating filter chain: any request, [org.springframework.security.web.context.request.async.WebAsyncManagerIntegrationFilter@7dfde83f, org.springframework.security.web.context.SecurityContextPersistenceFilter@17e4b1ab, org.springframework.security.web.header.HeaderWriterFilter@69728f4d, org.springframework.security.web.authentication.logout.LogoutFilter@1db9a962, org.springframework.security.web.authentication.www.BasicAuthenticationFilter@4c4b1983, org.springframework.security.web.savedrequest.RequestCacheAwareFilter@289fda20, org.springframework.security.web.servletapi.SecurityContextHolderAwareRequestFilter@40eb2592, org.springframework.security.web.authentication.AnonymousAuthenticationFilter@7df8457a, org.springframework.security.web.session.SessionManagementFilter@7b335fc8, org.springframework.security.web.access.ExceptionTranslationFilter@2f4094f8, org.springframework.security.web.access.intercept.FilterSecurityInterceptor@348becd2]
18:12:38  2022-07-01 12:42:38.108  INFO 25695 --- [           main] o.s.b.t.m.w.SpringBootMockServletContext : Initializing Spring TestDispatcherServlet ''
18:12:38  2022-07-01 12:42:38.109  INFO 25695 --- [           main] o.s.t.w.s.TestDispatcherServlet          : Initializing Servlet ''
18:12:38  2022-07-01 12:42:38.130  INFO 25695 --- [           main] o.s.t.w.s.TestDispatcherServlet          : Completed initialization in 20 ms
18:12:38  2022-07-01 12:42:38.197  INFO 25695 --- [           main] i.c.g.t.a.w.DocumentationTest            : Started DocumentationTest in 4.135 seconds (JVM running for 7.701)
18:12:41  2022-07-01 12:42:41.003  WARN 25695 --- [           main] .w.s.m.s.DefaultHandlerExceptionResolver : Resolved [org.springframework.http.converter.HttpMessageNotReadableException: Required request body is missing: public org.springframework.http.ResponseEntity<java.lang.Void> io.ctl.ng911.synergem.web.SynergemResource.create(io.ctl.ng911.synergem.model.SynergemModel)]
18:12:41  
18:12:41  MockHttpServletRequest:
18:12:41        HTTP Method = POST
18:12:41        Request URI = /api/v1/metrics
18:12:41         Parameters = {}
18:12:41            Headers = [Content-Type:"application/json", Authorization:"Basic cm9vdDpwYXNzd29yZA==", Content-Length:"236"]
18:12:41               Body = <no character encoding set>
18:12:41      Session Attrs = {}
18:12:41  
18:12:41  Handler:
18:12:41               Type = io.ctl.ng911.synergem.web.SynergemResource
18:12:41             Method = io.ctl.ng911.synergem.web.SynergemResource#create(SynergemModel)
18:12:41  
18:12:41  Async:
18:12:41      Async started = false
18:12:41       Async result = null
18:12:41  
18:12:41  Resolved Exception:
18:12:41               Type = null
18:12:41  
18:12:41  ModelAndView:
18:12:41          View name = null
18:12:41               View = null
18:12:41              Model = null
18:12:41  
18:12:41  FlashMap:
18:12:41         Attributes = null
18:12:41  
18:12:41  MockHttpServletResponse:
18:12:41             Status = 204
18:12:41      Error message = null
18:12:41            Headers = [X-Content-Type-Options:"nosniff", X-XSS-Protection:"1; mode=block", Cache-Control:"no-cache, no-store, max-age=0, must-revalidate", Pragma:"no-cache", Expires:"0", X-Frame-Options:"DENY"]
18:12:41       Content type = null
18:12:41               Body = 
18:12:41      Forwarded URL = null
18:12:41     Redirected URL = null
18:12:41            Cookies = []
18:12:41  [INFO] Tests run: 2, Failures: 0, Errors: 0, Skipped: 0, Time elapsed: 9.3 s - in io.ctl.gov.thanos.adapter.web.DocumentationTest
18:12:41  [INFO] Running io.ctl.ng911.synergem.adapter.DGraphAdapterTest
18:12:41  [INFO] Tests run: 1, Failures: 0, Errors: 0, Skipped: 0, Time elapsed: 0.282 s - in io.ctl.ng911.synergem.adapter.DGraphAdapterTest
18:12:41  [INFO] Running io.ctl.ng911.synergem.config.AppConfigTest
18:12:41  [INFO] Tests run: 2, Failures: 0, Errors: 0, Skipped: 0, Time elapsed: 0.01 s - in io.ctl.ng911.synergem.config.AppConfigTest
18:12:41  [INFO] Running io.ctl.ng911.synergem.ApplicationTest
18:12:42  [INFO] Tests run: 3, Failures: 0, Errors: 0, Skipped: 0, Time elapsed: 0.143 s - in io.ctl.ng911.synergem.ApplicationTest
18:12:42  [INFO] Running io.ctl.ng911.synergem.service.DGraphServiceTest
18:12:42  [INFO] Tests run: 1, Failures: 0, Errors: 0, Skipped: 0, Time elapsed: 0.15 s - in io.ctl.ng911.synergem.service.DGraphServiceTest
18:12:42  [INFO] Running io.ctl.ng911.synergem.ThanosReceiverConsumerTest
18:12:42  2022-07-01 12:42:42.386  INFO 25695 --- [           main] i.c.n.s.ThanosReceiverConsumer           : device_name: CTL_LAX_SoCal_ESRP ,Status: Up ,Maintenance: false 
18:12:42  2022-07-01 12:42:42.501  INFO 25695 --- [           main] i.c.n.s.ThanosReceiverConsumer           : timeseries {
18:12:42    labels {
18:12:42      name: "__name__"
18:12:42      value: "core_component_health_status"
18:12:42    }
18:12:42    labels {
18:12:42      name: "circuit"
18:12:42      value: "Los Angeles NGCS Core"
18:12:42    }
18:12:42    labels {
18:12:42      name: "device_name"
18:12:42      value: "CTL_LAX_SoCal_ESRP"
18:12:42    }
18:12:42    labels {
18:12:42      name: "device_type"
18:12:42      value: "ESRP"
18:12:42    }
18:12:42    labels {
18:12:42      name: "enterprise_id"
18:12:42      value: "11959257"
18:12:42    }
18:12:42    labels {
18:12:42      name: "metric_type"
18:12:42      value: "core_component_health_status"
18:12:42    }
18:12:42    labels {
18:12:42      name: "type_name"
18:12:42      value: "Los Angeles NGCS Core"
18:12:42    }
18:12:42    labels {
18:12:42      name: "type_unit"
18:12:42      value: "ngcs"
18:12:42    }
18:12:42    samples {
18:12:42      timestamp: 1656679362381
18:12:42    }
18:12:42  }
18:12:42  timeseries {
18:12:42    labels {
18:12:42      name: "__name__"
18:12:42      value: "core_component_maintenance_status"
18:12:42    }
18:12:42    labels {
18:12:42      name: "circuit"
18:12:42      value: "Los Angeles NGCS Core"
18:12:42    }
18:12:42    labels {
18:12:42      name: "device_name"
18:12:42      value: "CTL_LAX_SoCal_ESRP"
18:12:42    }
18:12:42    labels {
18:12:42      name: "device_type"
18:12:42      value: "ESRP"
18:12:42    }
18:12:42    labels {
18:12:42      name: "enterprise_id"
18:12:42      value: "11959257"
18:12:42    }
18:12:42    labels {
18:12:42      name: "metric_type"
18:12:42      value: "core_component_health_status"
18:12:42    }
18:12:42    labels {
18:12:42      name: "type_name"
18:12:42      value: "Los Angeles NGCS Core"
18:12:42    }
18:12:42    labels {
18:12:42      name: "type_unit"
18:12:42      value: "ngcs"
18:12:42    }
18:12:42    samples {
18:12:42      timestamp: 1656679362381
18:12:42    }
18:12:42  }
18:12:42  
18:12:42  2022-07-01 12:42:42.602  INFO 25695 --- [           main] i.c.n.s.ThanosReceiverConsumer           : Start Thanos call
18:12:42  2022-07-01 12:42:42.603 ERROR 25695 --- [           main] i.c.n.s.e.InternalServerError            : reason=failed to transmit metric to receiver
18:12:42  2022-07-01 12:42:42.614  WARN 25695 --- [           main] i.c.n.s.ThanosReceiverConsumer           : NGCS Component is not configured for xref_synergem_fe: CTL_LAX_SoCal_ESRP
18:12:42  2022-07-01 12:42:42.631  INFO 25695 --- [           main] i.c.n.s.ThanosReceiverConsumer           : device_name: CTL_LAX_SoCal_ESRP ,Status: Up ,Maintenance: false 
18:12:42  2022-07-01 12:42:42.632  INFO 25695 --- [           main] i.c.n.s.ThanosReceiverConsumer           : timeseries {
18:12:42    labels {
18:12:42      name: "__name__"
18:12:42      value: "core_component_health_status"
18:12:42    }
18:12:42    labels {
18:12:42      name: "circuit"
18:12:42      value: "Los Angeles NGCS Core"
18:12:42    }
18:12:42    labels {
18:12:42      name: "device_name"
18:12:42      value: "CTL_LAX_SoCal_ESRP"
18:12:42    }
18:12:42    labels {
18:12:42      name: "device_type"
18:12:42      value: "ESRP"
18:12:42    }
18:12:42    labels {
18:12:42      name: "enterprise_id"
18:12:42      value: "11959257"
18:12:42    }
18:12:42    labels {
18:12:42      name: "metric_type"
18:12:42      value: "core_component_health_status"
18:12:42    }
18:12:42    labels {
18:12:42      name: "type_name"
18:12:42      value: "Los Angeles NGCS Core"
18:12:42    }
18:12:42    labels {
18:12:42      name: "type_unit"
18:12:42      value: "ngcs"
18:12:42    }
18:12:42    samples {
18:12:42      timestamp: 1656679362630
18:12:42    }
18:12:42  }
18:12:42  timeseries {
18:12:42    labels {
18:12:42      name: "__name__"
18:12:42      value: "core_component_maintenance_status"
18:12:42    }
18:12:42    labels {
18:12:42      name: "circuit"
18:12:42      value: "Los Angeles NGCS Core"
18:12:42    }
18:12:42    labels {
18:12:42      name: "device_name"
18:12:42      value: "CTL_LAX_SoCal_ESRP"
18:12:42    }
18:12:42    labels {
18:12:42      name: "device_type"
18:12:42      value: "ESRP"
18:12:42    }
18:12:42    labels {
18:12:42      name: "enterprise_id"
18:12:42      value: "11959257"
18:12:42    }
18:12:42    labels {
18:12:42      name: "metric_type"
18:12:42      value: "core_component_health_status"
18:12:42    }
18:12:42    labels {
18:12:42      name: "type_name"
18:12:42      value: "Los Angeles NGCS Core"
18:12:42    }
18:12:42    labels {
18:12:42      name: "type_unit"
18:12:42      value: "ngcs"
18:12:42    }
18:12:42    samples {
18:12:42      timestamp: 1656679362630
18:12:42    }
18:12:42  }
18:12:42  
18:12:42  2022-07-01 12:42:42.633  INFO 25695 --- [           main] i.c.n.s.ThanosReceiverConsumer           : Start Thanos call
18:12:42  2022-07-01 12:42:42.634  INFO 25695 --- [           main] i.c.n.s.ThanosReceiverConsumer           : response status code :200
18:12:42  2022-07-01 12:42:42.634  INFO 25695 --- [           main] i.c.n.s.ThanosReceiverConsumer           : device_name: CTL_LAX_SoCal_ESRP ,Status: Up ,Maintenance: false 
18:12:42  2022-07-01 12:42:42.635  INFO 25695 --- [           main] i.c.n.s.ThanosReceiverConsumer           : timeseries {
18:12:42    labels {
18:12:42      name: "__name__"
18:12:42      value: "core_component_health_status"
18:12:42    }
18:12:42    labels {
18:12:42      name: "circuit"
18:12:42      value: "Los Angeles NGCS Core"
18:12:42    }
18:12:42    labels {
18:12:42      name: "device_name"
18:12:42      value: "CTL_LAX_SoCal_ESRP"
18:12:42    }
18:12:42    labels {
18:12:42      name: "device_type"
18:12:42      value: "ESRP"
18:12:42    }
18:12:42    labels {
18:12:42      name: "enterprise_id"
18:12:42      value: "9481"
18:12:42    }
18:12:42    labels {
18:12:42      name: "metric_type"
18:12:42      value: "core_component_health_status"
18:12:42    }
18:12:42    labels {
18:12:42      name: "type_name"
18:12:42      value: "Los Angeles NGCS Core"
18:12:42    }
18:12:42    labels {
18:12:42      name: "type_unit"
18:12:42      value: "ngcs"
18:12:42    }
18:12:42    samples {
18:12:42      timestamp: 1656679362630
18:12:42    }
18:12:42  }
18:12:42  timeseries {
18:12:42    labels {
18:12:42      name: "__name__"
18:12:42      value: "core_component_maintenance_status"
18:12:42    }
18:12:42    labels {
18:12:42      name: "circuit"
18:12:42      value: "Los Angeles NGCS Core"
18:12:42    }
18:12:42    labels {
18:12:42      name: "device_name"
18:12:42      value: "CTL_LAX_SoCal_ESRP"
18:12:42    }
18:12:42    labels {
18:12:42      name: "device_type"
18:12:42      value: "ESRP"
18:12:42    }
18:12:42    labels {
18:12:42      name: "enterprise_id"
18:12:42      value: "9481"
18:12:42    }
18:12:42    labels {
18:12:42      name: "metric_type"
18:12:42      value: "core_component_health_status"
18:12:42    }
18:12:42    labels {
18:12:42      name: "type_name"
18:12:42      value: "Los Angeles NGCS Core"
18:12:42    }
18:12:42    labels {
18:12:42      name: "type_unit"
18:12:42      value: "ngcs"
18:12:42    }
18:12:42    samples {
18:12:42      timestamp: 1656679362630
18:12:42    }
18:12:42  }
18:12:42  
18:12:42  2022-07-01 12:42:42.636  INFO 25695 --- [           main] i.c.n.s.ThanosReceiverConsumer           : Start Thanos call
18:12:42  2022-07-01 12:42:42.637  INFO 25695 --- [           main] i.c.n.s.ThanosReceiverConsumer           : response status code :200
18:12:42  2022-07-01 12:42:42.637  INFO 25695 --- [           main] i.c.n.s.ThanosReceiverConsumer           : device_name: CTL_LAX_SoCal_ESRP ,Status: Up ,Maintenance: false 
18:12:42  2022-07-01 12:42:42.638  INFO 25695 --- [           main] i.c.n.s.ThanosReceiverConsumer           : timeseries {
18:12:42    labels {
18:12:42      name: "__name__"
18:12:42      value: "core_component_health_status"
18:12:42    }
18:12:42    labels {
18:12:42      name: "circuit"
18:12:42      value: "Los Angeles NGCS Core"
18:12:42    }
18:12:42    labels {
18:12:42      name: "device_name"
18:12:42      value: "CTL_LAX_SoCal_ESRP"
18:12:42    }
18:12:42    labels {
18:12:42      name: "device_type"
18:12:42      value: "ESRP"
18:12:42    }
18:12:42    labels {
18:12:42      name: "enterprise_id"
18:12:42      value: "9811108"
18:12:42    }
18:12:42    labels {
18:12:42      name: "metric_type"
18:12:42      value: "core_component_health_status"
18:12:42    }
18:12:42    labels {
18:12:42      name: "type_name"
18:12:42      value: "Los Angeles NGCS Core"
18:12:42    }
18:12:42    labels {
18:12:42      name: "type_unit"
18:12:42      value: "ngcs"
18:12:42    }
18:12:42    samples {
18:12:42      timestamp: 1656679362630
18:12:42    }
18:12:42  }
18:12:42  timeseries {
18:12:42    labels {
18:12:42      name: "__name__"
18:12:42      value: "core_component_maintenance_status"
18:12:42    }
18:12:42    labels {
18:12:42      name: "circuit"
18:12:42      value: "Los Angeles NGCS Core"
18:12:42    }
18:12:42    labels {
18:12:42      name: "device_name"
18:12:42      value: "CTL_LAX_SoCal_ESRP"
18:12:42    }
18:12:42    labels {
18:12:42      name: "device_type"
18:12:42      value: "ESRP"
18:12:42    }
18:12:42    labels {
18:12:42      name: "enterprise_id"
18:12:42      value: "9811108"
18:12:42    }
18:12:42    labels {
18:12:42      name: "metric_type"
18:12:42      value: "core_component_health_status"
18:12:42    }
18:12:42    labels {
18:12:42      name: "type_name"
18:12:42      value: "Los Angeles NGCS Core"
18:12:42    }
18:12:42    labels {
18:12:42      name: "type_unit"
18:12:42      value: "ngcs"
18:12:42    }
18:12:42    samples {
18:12:42      timestamp: 1656679362630
18:12:42    }
18:12:42  }
18:12:42  
18:12:42  2022-07-01 12:42:42.640  INFO 25695 --- [           main] i.c.n.s.ThanosReceiverConsumer           : Start Thanos call
18:12:42  2022-07-01 12:42:42.640  INFO 25695 --- [           main] i.c.n.s.ThanosReceiverConsumer           : response status code :200
18:12:42  2022-07-01 12:42:42.641  INFO 25695 --- [           main] i.c.n.s.ThanosReceiverConsumer           : timeseries {
18:12:42    labels {
18:12:42      name: "__name__"
18:12:42      value: "ng911_system_heartbeat"
18:12:42    }
18:12:42    labels {
18:12:42      name: "source"
18:12:42      value: "synergem"
18:12:42    }
18:12:42    labels {
18:12:42      name: "xrefSynergemFE"
18:12:42      value: "CTL_LAX_SoCal_ESRP"
18:12:42    }
18:12:42    samples {
18:12:42      value: 1.0
18:12:42      timestamp: 1656679362640
18:12:42    }
18:12:42  }
18:12:42  
18:12:42  2022-07-01 12:42:42.641  INFO 25695 --- [           main] i.c.n.s.ThanosReceiverConsumer           : Start Thanos call
18:12:42  2022-07-01 12:42:42.641  INFO 25695 --- [           main] i.c.n.s.ThanosReceiverConsumer           : response status code :200
18:12:42  [INFO] Tests run: 3, Failures: 0, Errors: 0, Skipped: 0, Time elapsed: 0.649 s - in io.ctl.ng911.synergem.ThanosReceiverConsumerTest
18:12:43  [INFO] 
18:12:43  [INFO] Results:
18:12:43  [INFO] 
18:12:43  [INFO] Tests run: 12, Failures: 0, Errors: 0, Skipped: 0
18:12:43  [INFO] 
18:12:43  [INFO] 
18:12:43  [INFO] --- jacoco-maven-plugin:0.8.5:report (post-unit-test) @ ng911-synergem-api ---
18:12:43  [INFO] Loading execution data file /var/jenkins_home/workspace/ARDIAN_ng911-synergem-api_master/ng911-synergem-api/target/jacoco.exec
18:12:43  [INFO] Analyzed bundle 'ng911-synergem-api' with 58 classes
18:12:44  [INFO] ------------------------------------------------------------------------
18:12:44  [INFO] BUILD SUCCESS
18:12:44  [INFO] ------------------------------------------------------------------------
18:12:44  [INFO] Total time:  20.107 s
18:12:44  [INFO] Finished at: 2022-07-01T12:42:44Z
18:12:44  [INFO] ------------------------------------------------------------------------
[Pipeline] isUnix
[Pipeline] sh (Set sonar properties)
18:12:44  + set +x
[Pipeline] }
[Pipeline] // script
[Pipeline] }
[Pipeline] // withEnv
[Pipeline] }
[Pipeline] // stage
[Pipeline] echo
18:12:44  Placeholder to integrate Service Now DevOps Module in  Coverage stage.
[Pipeline] stage
[Pipeline] { (Coverage)
[Pipeline] tool
[Pipeline] envVarsForTool
[Pipeline] withEnv
[Pipeline] {
[Pipeline] script
[Pipeline] {
[Pipeline] dir
18:12:45  Running in /var/jenkins_home/workspace/ARDIAN_ng911-synergem-api_master
[Pipeline] {
[Pipeline] findFiles
[Pipeline] isUnix
[Pipeline] sh (Creating daumerling)
18:12:45  + md5sum Jenkinsfile
[Pipeline] stash
18:12:45  Stashed 1 file(s)
[Pipeline] }
[Pipeline] // dir
[Pipeline] }
[Pipeline] // script
[Pipeline] }
[Pipeline] // withEnv
[Pipeline] }
[Pipeline] // stage
[Pipeline] echo
18:12:45  Placeholder to integrate Service Now DevOps Module in  Sonarqube stage.
[Pipeline] stage
[Pipeline] { (Sonarqube)
[Pipeline] tool
[Pipeline] envVarsForTool
[Pipeline] withEnv
[Pipeline] {
[Pipeline] script
[Pipeline] {
[Pipeline] withSonarQubeEnv
18:12:46  Injecting SonarQube environment variables using the configuration: sonarqube
[Pipeline] {
[Pipeline] isUnix
[Pipeline] sh
18:12:46  + mvn clean verify sonar:sonar -Dsonar.projectKey=com.lumen:synergem:master_scan -Dsonar.projectName=synergem-master -f ng911-synergem-api/pom.xml
18:12:47  [INFO] Scanning for projects...
18:12:48  [WARNING] 
18:12:48  [WARNING] Some problems were encountered while building the effective model for io.ctl.gov:ng911-synergem-api:jar:0.0.7-SNAPSHOT
18:12:48  [WARNING] 'build.plugins.plugin.version' for org.springframework.boot:spring-boot-maven-plugin is missing. @ line 176, column 12
18:12:48  [WARNING] 
18:12:48  [WARNING] It is highly recommended to fix these problems because they threaten the stability of your build.
18:12:48  [WARNING] 
18:12:48  [WARNING] For this reason, future Maven versions might no longer support building such malformed projects.
18:12:48  [WARNING] 
18:12:48  [INFO] 
18:12:48  [INFO] -------------------< io.ctl.gov:ng911-synergem-api >--------------------
18:12:48  [INFO] Building ng911-synergem-api 0.0.7-SNAPSHOT
18:12:48  [INFO] --------------------------------[ jar ]---------------------------------
18:12:49  [INFO] 
18:12:49  [INFO] --- maven-clean-plugin:2.5:clean (default-clean) @ ng911-synergem-api ---
18:12:49  [INFO] Deleting /var/jenkins_home/workspace/ARDIAN_ng911-synergem-api_master/ng911-synergem-api/target
18:12:49  [INFO] 
18:12:49  [INFO] --- maven-resources-plugin:3.1.0:copy-resources (copy-resources) @ ng911-synergem-api ---
18:12:49  [WARNING] Using platform encoding (UTF-8 actually) to copy filtered resources, i.e. build is platform dependent!
18:12:49  [INFO] Copying 2 resources
18:12:49  [INFO] 
18:12:49  [INFO] --- os-maven-plugin:1.6.2:detect (default) @ ng911-synergem-api ---
18:12:49  [INFO] ------------------------------------------------------------------------
18:12:49  [INFO] Detecting the operating system and CPU architecture
18:12:49  [INFO] ------------------------------------------------------------------------
18:12:49  [INFO] os.detected.name: linux
18:12:49  [INFO] os.detected.arch: x86_64
18:12:49  [INFO] os.detected.version: 4.15
18:12:49  [INFO] os.detected.version.major: 4
18:12:49  [INFO] os.detected.version.minor: 15
18:12:49  [INFO] os.detected.release: debian
18:12:49  [INFO] os.detected.release.version: 10
18:12:49  [INFO] os.detected.release.like.debian: true
18:12:49  [INFO] os.detected.classifier: linux-x86_64
18:12:49  [INFO] 
18:12:49  [INFO] --- jacoco-maven-plugin:0.8.5:prepare-agent (default) @ ng911-synergem-api ---
18:12:50  [INFO] argLine set to -javaagent:/root/.m2/repository/org/jacoco/org.jacoco.agent/0.8.5/org.jacoco.agent-0.8.5-runtime.jar=destfile=/var/jenkins_home/workspace/ARDIAN_ng911-synergem-api_master/ng911-synergem-api/target/jacoco.exec,append=true,excludes=*MethodAccess
18:12:50  [INFO] 
18:12:50  [INFO] --- protobuf-maven-plugin:0.6.1:compile (default) @ ng911-synergem-api ---
18:12:50  [INFO] Compiling 1 proto file(s) to /var/jenkins_home/workspace/ARDIAN_ng911-synergem-api_master/ng911-synergem-api/target/generated-sources/protobuf/java
18:12:50  [INFO] 
18:12:50  [INFO] --- protobuf-maven-plugin:0.6.1:compile-custom (default) @ ng911-synergem-api ---
18:12:50  [INFO] Compiling 1 proto file(s) to /var/jenkins_home/workspace/ARDIAN_ng911-synergem-api_master/ng911-synergem-api/target/generated-sources/protobuf/grpc-java
18:12:50  [INFO] 
18:12:50  [INFO] --- maven-resources-plugin:3.1.0:resources (default-resources) @ ng911-synergem-api ---
18:12:50  [WARNING] Using platform encoding (UTF-8 actually) to copy filtered resources, i.e. build is platform dependent!
18:12:50  [INFO] Copying 2 resources
18:12:50  [INFO] Copying 1 resource
18:12:50  [INFO] Copying 1 resource
18:12:50  [INFO] 
18:12:50  [INFO] --- maven-compiler-plugin:3.2:compile (default-compile) @ ng911-synergem-api ---
18:12:50  [INFO] Changes detected - recompiling the module!
18:12:50  [WARNING] File encoding has not been set, using platform encoding UTF-8, i.e. build is platform dependent!
18:12:50  [INFO] Compiling 14 source files to /var/jenkins_home/workspace/ARDIAN_ng911-synergem-api_master/ng911-synergem-api/target/classes
18:12:54  [INFO] /var/jenkins_home/workspace/ARDIAN_ng911-synergem-api_master/ng911-synergem-api/target/generated-sources/protobuf/java/io/ctl/gov/ng911/thanos/adapter/prometheus/Prometheus.java: /var/jenkins_home/workspace/ARDIAN_ng911-synergem-api_master/ng911-synergem-api/target/generated-sources/protobuf/java/io/ctl/gov/ng911/thanos/adapter/prometheus/Prometheus.java uses or overrides a deprecated API.
18:12:54  [INFO] /var/jenkins_home/workspace/ARDIAN_ng911-synergem-api_master/ng911-synergem-api/target/generated-sources/protobuf/java/io/ctl/gov/ng911/thanos/adapter/prometheus/Prometheus.java: Recompile with -Xlint:deprecation for details.
18:12:54  [INFO] 
18:12:54  [INFO] --- maven-resources-plugin:3.1.0:testResources (default-testResources) @ ng911-synergem-api ---
18:12:54  [WARNING] Using platform encoding (UTF-8 actually) to copy filtered resources, i.e. build is platform dependent!
18:12:54  [INFO] Copying 4 resources
18:12:54  [INFO] 
18:12:54  [INFO] --- maven-compiler-plugin:3.2:testCompile (default-testCompile) @ ng911-synergem-api ---
18:12:54  [INFO] Changes detected - recompiling the module!
18:12:54  [WARNING] File encoding has not been set, using platform encoding UTF-8, i.e. build is platform dependent!
18:12:54  [INFO] Compiling 6 source files to /var/jenkins_home/workspace/ARDIAN_ng911-synergem-api_master/ng911-synergem-api/target/test-classes
18:12:54  [INFO] /var/jenkins_home/workspace/ARDIAN_ng911-synergem-api_master/ng911-synergem-api/src/test/java/io/ctl/ng911/synergem/service/DGraphServiceTest.java: /var/jenkins_home/workspace/ARDIAN_ng911-synergem-api_master/ng911-synergem-api/src/test/java/io/ctl/ng911/synergem/service/DGraphServiceTest.java uses unchecked or unsafe operations.
18:12:54  [INFO] /var/jenkins_home/workspace/ARDIAN_ng911-synergem-api_master/ng911-synergem-api/src/test/java/io/ctl/ng911/synergem/service/DGraphServiceTest.java: Recompile with -Xlint:unchecked for details.
18:12:54  [INFO] 
18:12:54  [INFO] --- maven-surefire-plugin:3.0.0-M4:test (default-test) @ ng911-synergem-api ---
18:12:54  [INFO] 
18:12:54  [INFO] -------------------------------------------------------
18:12:54  [INFO]  T E S T S
18:12:54  [INFO] -------------------------------------------------------
18:12:56  [INFO] Running io.ctl.gov.thanos.adapter.web.DocumentationTest
18:12:58  
18:12:58    .   ____          _            __ _ _
18:12:58   /\\ / ___'_ __ _ _(_)_ __  __ _ \ \ \ \
18:12:58  ( ( )\___ | '_ | '_| | '_ \/ _` | \ \ \ \
18:12:58   \\/  ___)| |_)| | | | | || (_| |  ) ) ) )
18:12:58    '  |____| .__|_| |_|_| |_\__, | / / / /
18:12:58   =========|_|==============|___/=/_/_/_/
18:12:58   :: Spring Boot ::        (v2.2.4.RELEASE)
18:12:58  
18:12:58  2022-07-01 12:42:58.747  INFO 25807 --- [           main] i.c.g.t.a.w.DocumentationTest            : Starting DocumentationTest on jenkins-85f5bd7965-4wcr2 with PID 25807 (started by root in /var/jenkins_home/workspace/ARDIAN_ng911-synergem-api_master/ng911-synergem-api)
18:12:58  2022-07-01 12:42:58.762  INFO 25807 --- [           main] i.c.g.t.a.w.DocumentationTest            : No active profile set, falling back to default profiles: default
18:13:01  2022-07-01 12:43:01.328  WARN 25807 --- [           main] o.s.s.c.u.User                           : User.withDefaultPasswordEncoder() is considered unsafe for production and is only intended for sample applications.
18:13:02  2022-07-01 12:43:01.971  INFO 25807 --- [           main] o.s.s.w.DefaultSecurityFilterChain       : Creating filter chain: any request, [org.springframework.security.web.context.request.async.WebAsyncManagerIntegrationFilter@3a0eb06, org.springframework.security.web.context.SecurityContextPersistenceFilter@69fbf4a3, org.springframework.security.web.header.HeaderWriterFilter@2a89fd0a, org.springframework.security.web.authentication.logout.LogoutFilter@3f7c623a, org.springframework.security.web.authentication.www.BasicAuthenticationFilter@6a6ce193, org.springframework.security.web.savedrequest.RequestCacheAwareFilter@76c86180, org.springframework.security.web.servletapi.SecurityContextHolderAwareRequestFilter@6b9f08b0, org.springframework.security.web.authentication.AnonymousAuthenticationFilter@7dfde83f, org.springframework.security.web.session.SessionManagementFilter@10adc98e, org.springframework.security.web.access.ExceptionTranslationFilter@3dee0166, org.springframework.security.web.access.intercept.FilterSecurityInterceptor@4b19b2db]
18:13:02  2022-07-01 12:43:02.160  INFO 25807 --- [           main] o.s.b.t.m.w.SpringBootMockServletContext : Initializing Spring TestDispatcherServlet ''
18:13:02  2022-07-01 12:43:02.161  INFO 25807 --- [           main] o.s.t.w.s.TestDispatcherServlet          : Initializing Servlet ''
18:13:02  2022-07-01 12:43:02.180  INFO 25807 --- [           main] o.s.t.w.s.TestDispatcherServlet          : Completed initialization in 19 ms
18:13:02  2022-07-01 12:43:02.248  INFO 25807 --- [           main] i.c.g.t.a.w.DocumentationTest            : Started DocumentationTest in 4.543 seconds (JVM running for 7.826)
18:13:04  2022-07-01 12:43:03.647  WARN 25807 --- [           main] .w.s.m.s.DefaultHandlerExceptionResolver : Resolved [org.springframework.http.converter.HttpMessageNotReadableException: Required request body is missing: public org.springframework.http.ResponseEntity<java.lang.Void> io.ctl.ng911.synergem.web.SynergemResource.create(io.ctl.ng911.synergem.model.SynergemModel)]
18:13:04  
18:13:04  MockHttpServletRequest:
18:13:04        HTTP Method = POST
18:13:04        Request URI = /api/v1/metrics
18:13:04         Parameters = {}
18:13:04            Headers = [Content-Type:"application/json", Authorization:"Basic cm9vdDpwYXNzd29yZA==", Content-Length:"236"]
18:13:04               Body = <no character encoding set>
18:13:04      Session Attrs = {}
18:13:04  
18:13:04  Handler:
18:13:04               Type = io.ctl.ng911.synergem.web.SynergemResource
18:13:04             Method = io.ctl.ng911.synergem.web.SynergemResource#create(SynergemModel)
18:13:04  
18:13:04  Async:
18:13:04      Async started = false
18:13:04       Async result = null
18:13:04  
18:13:04  Resolved Exception:
18:13:04               Type = null
18:13:04  
18:13:04  ModelAndView:
18:13:04          View name = null
18:13:04               View = null
18:13:04              Model = null
18:13:04  
18:13:04  FlashMap:
18:13:04         Attributes = null
18:13:04  
18:13:04  MockHttpServletResponse:
18:13:04             Status = 204
18:13:04      Error message = null
18:13:04            Headers = [X-Content-Type-Options:"nosniff", X-XSS-Protection:"1; mode=block", Cache-Control:"no-cache, no-store, max-age=0, must-revalidate", Pragma:"no-cache", Expires:"0", X-Frame-Options:"DENY"]
18:13:04       Content type = null
18:13:04               Body = 
18:13:04      Forwarded URL = null
18:13:04     Redirected URL = null
18:13:04            Cookies = []
18:13:04  [INFO] Tests run: 2, Failures: 0, Errors: 0, Skipped: 0, Time elapsed: 8.054 s - in io.ctl.gov.thanos.adapter.web.DocumentationTest
18:13:04  [INFO] Running io.ctl.ng911.synergem.adapter.DGraphAdapterTest
18:13:04  [INFO] Tests run: 1, Failures: 0, Errors: 0, Skipped: 0, Time elapsed: 0.28 s - in io.ctl.ng911.synergem.adapter.DGraphAdapterTest
18:13:04  [INFO] Running io.ctl.ng911.synergem.config.AppConfigTest
18:13:04  [INFO] Tests run: 2, Failures: 0, Errors: 0, Skipped: 0, Time elapsed: 0.016 s - in io.ctl.ng911.synergem.config.AppConfigTest
18:13:04  [INFO] Running io.ctl.ng911.synergem.ApplicationTest
18:13:04  [INFO] Tests run: 3, Failures: 0, Errors: 0, Skipped: 0, Time elapsed: 0.139 s - in io.ctl.ng911.synergem.ApplicationTest
18:13:04  [INFO] Running io.ctl.ng911.synergem.service.DGraphServiceTest
18:13:04  [INFO] Tests run: 1, Failures: 0, Errors: 0, Skipped: 0, Time elapsed: 0.074 s - in io.ctl.ng911.synergem.service.DGraphServiceTest
18:13:04  [INFO] Running io.ctl.ng911.synergem.ThanosReceiverConsumerTest
18:13:04  2022-07-01 12:43:04.853  INFO 25807 --- [           main] i.c.n.s.ThanosReceiverConsumer           : device_name: CTL_LAX_SoCal_ESRP ,Status: Up ,Maintenance: false 
18:13:05  2022-07-01 12:43:04.965  INFO 25807 --- [           main] i.c.n.s.ThanosReceiverConsumer           : timeseries {
18:13:05    labels {
18:13:05      name: "__name__"
18:13:05      value: "core_component_health_status"
18:13:05    }
18:13:05    labels {
18:13:05      name: "circuit"
18:13:05      value: "Los Angeles NGCS Core"
18:13:05    }
18:13:05    labels {
18:13:05      name: "device_name"
18:13:05      value: "CTL_LAX_SoCal_ESRP"
18:13:05    }
18:13:05    labels {
18:13:05      name: "device_type"
18:13:05      value: "ESRP"
18:13:05    }
18:13:05    labels {
18:13:05      name: "enterprise_id"
18:13:05      value: "11959257"
18:13:05    }
18:13:05    labels {
18:13:05      name: "metric_type"
18:13:05      value: "core_component_health_status"
18:13:05    }
18:13:05    labels {
18:13:05      name: "type_name"
18:13:05      value: "Los Angeles NGCS Core"
18:13:05    }
18:13:05    labels {
18:13:05      name: "type_unit"
18:13:05      value: "ngcs"
18:13:05    }
18:13:05    samples {
18:13:05      timestamp: 1656679384847
18:13:05    }
18:13:05  }
18:13:05  timeseries {
18:13:05    labels {
18:13:05      name: "__name__"
18:13:05      value: "core_component_maintenance_status"
18:13:05    }
18:13:05    labels {
18:13:05      name: "circuit"
18:13:05      value: "Los Angeles NGCS Core"
18:13:05    }
18:13:05    labels {
18:13:05      name: "device_name"
18:13:05      value: "CTL_LAX_SoCal_ESRP"
18:13:05    }
18:13:05    labels {
18:13:05      name: "device_type"
18:13:05      value: "ESRP"
18:13:05    }
18:13:05    labels {
18:13:05      name: "enterprise_id"
18:13:05      value: "11959257"
18:13:05    }
18:13:05    labels {
18:13:05      name: "metric_type"
18:13:05      value: "core_component_health_status"
18:13:05    }
18:13:05    labels {
18:13:05      name: "type_name"
18:13:05      value: "Los Angeles NGCS Core"
18:13:05    }
18:13:05    labels {
18:13:05      name: "type_unit"
18:13:05      value: "ngcs"
18:13:05    }
18:13:05    samples {
18:13:05      timestamp: 1656679384847
18:13:05    }
18:13:05  }
18:13:05  
18:13:05  2022-07-01 12:43:05.063  INFO 25807 --- [           main] i.c.n.s.ThanosReceiverConsumer           : Start Thanos call
18:13:05  2022-07-01 12:43:05.064 ERROR 25807 --- [           main] i.c.n.s.e.InternalServerError            : reason=failed to transmit metric to receiver
18:13:05  2022-07-01 12:43:05.075  WARN 25807 --- [           main] i.c.n.s.ThanosReceiverConsumer           : NGCS Component is not configured for xref_synergem_fe: CTL_LAX_SoCal_ESRP
18:13:05  2022-07-01 12:43:05.091  INFO 25807 --- [           main] i.c.n.s.ThanosReceiverConsumer           : device_name: CTL_LAX_SoCal_ESRP ,Status: Up ,Maintenance: false 
18:13:05  2022-07-01 12:43:05.092  INFO 25807 --- [           main] i.c.n.s.ThanosReceiverConsumer           : timeseries {
18:13:05    labels {
18:13:05      name: "__name__"
18:13:05      value: "core_component_health_status"
18:13:05    }
18:13:05    labels {
18:13:05      name: "circuit"
18:13:05      value: "Los Angeles NGCS Core"
18:13:05    }
18:13:05    labels {
18:13:05      name: "device_name"
18:13:05      value: "CTL_LAX_SoCal_ESRP"
18:13:05    }
18:13:05    labels {
18:13:05      name: "device_type"
18:13:05      value: "ESRP"
18:13:05    }
18:13:05    labels {
18:13:05      name: "enterprise_id"
18:13:05      value: "11959257"
18:13:05    }
18:13:05    labels {
18:13:05      name: "metric_type"
18:13:05      value: "core_component_health_status"
18:13:05    }
18:13:05    labels {
18:13:05      name: "type_name"
18:13:05      value: "Los Angeles NGCS Core"
18:13:05    }
18:13:05    labels {
18:13:05      name: "type_unit"
18:13:05      value: "ngcs"
18:13:05    }
18:13:05    samples {
18:13:05      timestamp: 1656679385091
18:13:05    }
18:13:05  }
18:13:05  timeseries {
18:13:05    labels {
18:13:05      name: "__name__"
18:13:05      value: "core_component_maintenance_status"
18:13:05    }
18:13:05    labels {
18:13:05      name: "circuit"
18:13:05      value: "Los Angeles NGCS Core"
18:13:05    }
18:13:05    labels {
18:13:05      name: "device_name"
18:13:05      value: "CTL_LAX_SoCal_ESRP"
18:13:05    }
18:13:05    labels {
18:13:05      name: "device_type"
18:13:05      value: "ESRP"
18:13:05    }
18:13:05    labels {
18:13:05      name: "enterprise_id"
18:13:05      value: "11959257"
18:13:05    }
18:13:05    labels {
18:13:05      name: "metric_type"
18:13:05      value: "core_component_health_status"
18:13:05    }
18:13:05    labels {
18:13:05      name: "type_name"
18:13:05      value: "Los Angeles NGCS Core"
18:13:05    }
18:13:05    labels {
18:13:05      name: "type_unit"
18:13:05      value: "ngcs"
18:13:05    }
18:13:05    samples {
18:13:05      timestamp: 1656679385091
18:13:05    }
18:13:05  }
18:13:05  
18:13:05  2022-07-01 12:43:05.094  INFO 25807 --- [           main] i.c.n.s.ThanosReceiverConsumer           : Start Thanos call
18:13:05  2022-07-01 12:43:05.095  INFO 25807 --- [           main] i.c.n.s.ThanosReceiverConsumer           : response status code :200
18:13:05  2022-07-01 12:43:05.095  INFO 25807 --- [           main] i.c.n.s.ThanosReceiverConsumer           : device_name: CTL_LAX_SoCal_ESRP ,Status: Up ,Maintenance: false 
18:13:05  2022-07-01 12:43:05.096  INFO 25807 --- [           main] i.c.n.s.ThanosReceiverConsumer           : timeseries {
18:13:05    labels {
18:13:05      name: "__name__"
18:13:05      value: "core_component_health_status"
18:13:05    }
18:13:05    labels {
18:13:05      name: "circuit"
18:13:05      value: "Los Angeles NGCS Core"
18:13:05    }
18:13:05    labels {
18:13:05      name: "device_name"
18:13:05      value: "CTL_LAX_SoCal_ESRP"
18:13:05    }
18:13:05    labels {
18:13:05      name: "device_type"
18:13:05      value: "ESRP"
18:13:05    }
18:13:05    labels {
18:13:05      name: "enterprise_id"
18:13:05      value: "9481"
18:13:05    }
18:13:05    labels {
18:13:05      name: "metric_type"
18:13:05      value: "core_component_health_status"
18:13:05    }
18:13:05    labels {
18:13:05      name: "type_name"
18:13:05      value: "Los Angeles NGCS Core"
18:13:05    }
18:13:05    labels {
18:13:05      name: "type_unit"
18:13:05      value: "ngcs"
18:13:05    }
18:13:05    samples {
18:13:05      timestamp: 1656679385091
18:13:05    }
18:13:05  }
18:13:05  timeseries {
18:13:05    labels {
18:13:05      name: "__name__"
18:13:05      value: "core_component_maintenance_status"
18:13:05    }
18:13:05    labels {
18:13:05      name: "circuit"
18:13:05      value: "Los Angeles NGCS Core"
18:13:05    }
18:13:05    labels {
18:13:05      name: "device_name"
18:13:05      value: "CTL_LAX_SoCal_ESRP"
18:13:05    }
18:13:05    labels {
18:13:05      name: "device_type"
18:13:05      value: "ESRP"
18:13:05    }
18:13:05    labels {
18:13:05      name: "enterprise_id"
18:13:05      value: "9481"
18:13:05    }
18:13:05    labels {
18:13:05      name: "metric_type"
18:13:05      value: "core_component_health_status"
18:13:05    }
18:13:05    labels {
18:13:05      name: "type_name"
18:13:05      value: "Los Angeles NGCS Core"
18:13:05    }
18:13:05    labels {
18:13:05      name: "type_unit"
18:13:05      value: "ngcs"
18:13:05    }
18:13:05    samples {
18:13:05      timestamp: 1656679385091
18:13:05    }
18:13:05  }
18:13:05  
18:13:05  2022-07-01 12:43:05.097  INFO 25807 --- [           main] i.c.n.s.ThanosReceiverConsumer           : Start Thanos call
18:13:05  2022-07-01 12:43:05.098  INFO 25807 --- [           main] i.c.n.s.ThanosReceiverConsumer           : response status code :200
18:13:05  2022-07-01 12:43:05.098  INFO 25807 --- [           main] i.c.n.s.ThanosReceiverConsumer           : device_name: CTL_LAX_SoCal_ESRP ,Status: Up ,Maintenance: false 
18:13:05  2022-07-01 12:43:05.099  INFO 25807 --- [           main] i.c.n.s.ThanosReceiverConsumer           : timeseries {
18:13:05    labels {
18:13:05      name: "__name__"
18:13:05      value: "core_component_health_status"
18:13:05    }
18:13:05    labels {
18:13:05      name: "circuit"
18:13:05      value: "Los Angeles NGCS Core"
18:13:05    }
18:13:05    labels {
18:13:05      name: "device_name"
18:13:05      value: "CTL_LAX_SoCal_ESRP"
18:13:05    }
18:13:05    labels {
18:13:05      name: "device_type"
18:13:05      value: "ESRP"
18:13:05    }
18:13:05    labels {
18:13:05      name: "enterprise_id"
18:13:05      value: "9811108"
18:13:05    }
18:13:05    labels {
18:13:05      name: "metric_type"
18:13:05      value: "core_component_health_status"
18:13:05    }
18:13:05    labels {
18:13:05      name: "type_name"
18:13:05      value: "Los Angeles NGCS Core"
18:13:05    }
18:13:05    labels {
18:13:05      name: "type_unit"
18:13:05      value: "ngcs"
18:13:05    }
18:13:05    samples {
18:13:05      timestamp: 1656679385091
18:13:05    }
18:13:05  }
18:13:05  timeseries {
18:13:05    labels {
18:13:05      name: "__name__"
18:13:05      value: "core_component_maintenance_status"
18:13:05    }
18:13:05    labels {
18:13:05      name: "circuit"
18:13:05      value: "Los Angeles NGCS Core"
18:13:05    }
18:13:05    labels {
18:13:05      name: "device_name"
18:13:05      value: "CTL_LAX_SoCal_ESRP"
18:13:05    }
18:13:05    labels {
18:13:05      name: "device_type"
18:13:05      value: "ESRP"
18:13:05    }
18:13:05    labels {
18:13:05      name: "enterprise_id"
18:13:05      value: "9811108"
18:13:05    }
18:13:05    labels {
18:13:05      name: "metric_type"
18:13:05      value: "core_component_health_status"
18:13:05    }
18:13:05    labels {
18:13:05      name: "type_name"
18:13:05      value: "Los Angeles NGCS Core"
18:13:05    }
18:13:05    labels {
18:13:05      name: "type_unit"
18:13:05      value: "ngcs"
18:13:05    }
18:13:05    samples {
18:13:05      timestamp: 1656679385091
18:13:05    }
18:13:05  }
18:13:05  
18:13:05  2022-07-01 12:43:05.101  INFO 25807 --- [           main] i.c.n.s.ThanosReceiverConsumer           : Start Thanos call
18:13:05  2022-07-01 12:43:05.101  INFO 25807 --- [           main] i.c.n.s.ThanosReceiverConsumer           : response status code :200
18:13:05  2022-07-01 12:43:05.102  INFO 25807 --- [           main] i.c.n.s.ThanosReceiverConsumer           : timeseries {
18:13:05    labels {
18:13:05      name: "__name__"
18:13:05      value: "ng911_system_heartbeat"
18:13:05    }
18:13:05    labels {
18:13:05      name: "source"
18:13:05      value: "synergem"
18:13:05    }
18:13:05    labels {
18:13:05      name: "xrefSynergemFE"
18:13:05      value: "CTL_LAX_SoCal_ESRP"
18:13:05    }
18:13:05    samples {
18:13:05      value: 1.0
18:13:05      timestamp: 1656679385101
18:13:05    }
18:13:05  }
18:13:05  
18:13:05  2022-07-01 12:43:05.102  INFO 25807 --- [           main] i.c.n.s.ThanosReceiverConsumer           : Start Thanos call
18:13:05  2022-07-01 12:43:05.147  INFO 25807 --- [           main] i.c.n.s.ThanosReceiverConsumer           : response status code :200
18:13:05  [INFO] Tests run: 3, Failures: 0, Errors: 0, Skipped: 0, Time elapsed: 0.639 s - in io.ctl.ng911.synergem.ThanosReceiverConsumerTest
18:13:05  [INFO] 
18:13:05  [INFO] Results:
18:13:05  [INFO] 
18:13:05  [INFO] Tests run: 12, Failures: 0, Errors: 0, Skipped: 0
18:13:05  [INFO] 
18:13:05  [INFO] 
18:13:05  [INFO] --- jacoco-maven-plugin:0.8.5:report (post-unit-test) @ ng911-synergem-api ---
18:13:05  [INFO] Loading execution data file /var/jenkins_home/workspace/ARDIAN_ng911-synergem-api_master/ng911-synergem-api/target/jacoco.exec
18:13:06  [INFO] Analyzed bundle 'ng911-synergem-api' with 58 classes
18:13:06  [INFO] 
18:13:06  [INFO] --- asciidoctor-maven-plugin:1.5.8:process-asciidoc (generate-docs) @ ng911-synergem-api ---
18:13:10  [WARNING] Using platform encoding (UTF-8 actually) to copy filtered resources, i.e. build is platform dependent!
18:13:10  [INFO] Copying 0 resource
18:13:10  [INFO] Rendered /var/jenkins_home/workspace/ARDIAN_ng911-synergem-api_master/ng911-synergem-api/src/main/asciidoc/index.adoc
18:13:10  [INFO] 
18:13:10  [INFO] --- maven-jar-plugin:2.4:jar (default-jar) @ ng911-synergem-api ---
18:13:10  [INFO] Building jar: /var/jenkins_home/workspace/ARDIAN_ng911-synergem-api_master/ng911-synergem-api/target/ng911-synergem-api-0.0.7-SNAPSHOT.jar
18:13:10  [INFO] 
18:13:10  [INFO] --- spring-boot-maven-plugin:2.7.1:repackage (default) @ ng911-synergem-api ---
18:13:11  [INFO] Replacing main artifact with repackaged archive
18:13:11  [INFO] 
18:13:11  [INFO] -------------------< io.ctl.gov:ng911-synergem-api >--------------------
18:13:11  [INFO] Building ng911-synergem-api 0.0.7-SNAPSHOT
18:13:11  [INFO] --------------------------------[ jar ]---------------------------------
18:13:11  [INFO] 
18:13:11  [INFO] --- sonar-maven-plugin:3.9.1.2184:sonar (default-cli) @ ng911-synergem-api ---
18:13:11  [INFO] User cache: /root/.sonar/cache
18:13:11  [INFO] SonarQube version: 8.2.0
18:13:11  [INFO] Default locale: "en_US", source code encoding: "UTF-8" (analysis is platform dependent)
18:13:11  [WARNING] SonarScanner will require Java 11 to run starting in SonarQube 8.x
18:13:12  [INFO] Load global settings
18:13:12  [INFO] Load global settings (done) | time=100ms
18:13:12  [INFO] Server id: BF41A1F2-AXUh7UbahiLDxjRSKFfT
18:13:12  [INFO] User cache: /root/.sonar/cache
18:13:12  [INFO] Load/download plugins
18:13:12  [INFO] Load plugins index
18:13:12  [INFO] Load plugins index (done) | time=55ms
18:13:12  [INFO] Load/download plugins (done) | time=71ms
18:13:12  [INFO] Process project properties
18:13:12  [INFO] Process project properties (done) | time=11ms
18:13:12  [INFO] Project key: com.lumen:synergem:master_scan
18:13:12  [INFO] Base dir: /var/jenkins_home/workspace/ARDIAN_ng911-synergem-api_master/ng911-synergem-api
18:13:12  [INFO] Working dir: /var/jenkins_home/workspace/ARDIAN_ng911-synergem-api_master/ng911-synergem-api/target/sonar
18:13:12  [INFO] Load project settings for component key: 'com.lumen:synergem:master_scan'
18:13:12  [INFO] Load project settings for component key: 'com.lumen:synergem:master_scan' (done) | time=18ms
18:13:12  [INFO] Load quality profiles
18:13:12  [INFO] Load quality profiles (done) | time=55ms
18:13:12  [INFO] Detected Jenkins
18:13:12  [INFO] Load active rules
18:13:13  [INFO] Load active rules (done) | time=481ms
18:13:13  [INFO] Indexing files...
18:13:13  [INFO] Project configuration:
18:13:13  [INFO] 20 files indexed
18:13:13  [INFO] 0 files ignored because of scm ignore settings
18:13:13  [INFO] Quality profile for java: Sonar way
18:13:13  [INFO] ------------- Run sensors on module synergem-master
18:13:13  [INFO] Load metrics repository
18:13:13  [INFO] Load metrics repository (done) | time=22ms
18:13:13  [INFO] Sensor JavaSquidSensor [java]
18:13:13  [INFO] Configured Java source version (sonar.java.source): 8
18:13:13  [INFO] JavaClasspath initialization
18:13:13  [INFO] JavaClasspath initialization (done) | time=17ms
18:13:13  [INFO] JavaTestClasspath initialization
18:13:13  [INFO] JavaTestClasspath initialization (done) | time=5ms
18:13:13  [INFO] Java Main Files AST scan
18:13:13  [INFO] 13 source files to be analyzed
18:13:14  [INFO] Load project repositories
18:13:14  [INFO] Load project repositories (done) | time=20ms
18:13:18  [INFO] 13/13 source files have been analyzed
18:13:18  [INFO] Java Main Files AST scan (done) | time=3621ms
18:13:18  [INFO] Java Test Files AST scan
18:13:18  [INFO] 6 source files to be analyzed
18:13:18  [INFO] Java Test Files AST scan (done) | time=593ms
18:13:18  [INFO] 6/6 source files have been analyzed
18:13:18  [INFO] Java Generated Files AST scan
18:13:18  [INFO] 0 source files to be analyzed
18:13:18  [INFO] Java Generated Files AST scan (done) | time=1ms
18:13:18  [INFO] 0/0 source files have been analyzed
18:13:18  [INFO] Sensor JavaSquidSensor [java] (done) | time=4492ms
18:13:18  [INFO] Sensor JaCoCo XML Report Importer [jacoco]
18:13:18  [INFO] 'sonar.coverage.jacoco.xmlReportPaths' is not defined. Using default locations: target/site/jacoco/jacoco.xml,target/site/jacoco-it/jacoco.xml,build/reports/jacoco/test/jacocoTestReport.xml
18:13:18  [INFO] Importing 1 report(s). Turn your logs in debug mode in order to see the exhaustive list.
18:13:18  [INFO] Sensor JaCoCo XML Report Importer [jacoco] (done) | time=145ms
18:13:18  [INFO] Sensor SurefireSensor [java]
18:13:18  [INFO] parsing [/var/jenkins_home/workspace/ARDIAN_ng911-synergem-api_master/ng911-synergem-api/target/surefire-reports]
18:13:18  [INFO] Sensor SurefireSensor [java] (done) | time=46ms
18:13:18  [INFO] Sensor JavaXmlSensor [java]
18:13:18  [INFO] 1 source files to be analyzed
18:13:18  [INFO] Sensor JavaXmlSensor [java] (done) | time=210ms
18:13:18  [INFO] 1/1 source files have been analyzed
18:13:18  [INFO] ------------- Run sensors on project
18:13:18  [INFO] Sensor Zero Coverage Sensor
18:13:18  [INFO] Sensor Zero Coverage Sensor (done) | time=1ms
18:13:18  [INFO] Sensor Java CPD Block Indexer
18:13:18  [INFO] Sensor Java CPD Block Indexer (done) | time=66ms
18:13:18  [INFO] CPD Executor 2 files had no CPD blocks
18:13:18  [INFO] CPD Executor Calculating CPD for 11 files
18:13:18  [INFO] CPD Executor CPD calculation finished (done) | time=11ms
18:13:18  [INFO] Analysis report generated in 75ms, dir size=122 KB
18:13:19  [INFO] Analysis report compressed in 93ms, zip size=58 KB
18:13:19  [INFO] Analysis report uploaded in 25ms
18:13:19  [INFO] ANALYSIS SUCCESSFUL, you can browse http://10.120.33.16:32170/dashboard?id=com.lumen%3Asynergem%3Amaster_scan
18:13:19  [INFO] Note that you will be able to access the updated dashboard once the server has processed the submitted analysis report
18:13:19  [INFO] More about the report processing at http://10.120.33.16:32170/api/ce/task?id=AYG5yX33hJnN92Wj28KL
18:13:19  [INFO] Analysis total time: 6.660 s
18:13:19  [INFO] ------------------------------------------------------------------------
18:13:19  [INFO] BUILD SUCCESS
18:13:19  [INFO] ------------------------------------------------------------------------
18:13:19  [INFO] Total time:  31.133 s
18:13:19  [INFO] Finished at: 2022-07-01T12:43:18Z
18:13:19  [INFO] ------------------------------------------------------------------------
[Pipeline] }
[Pipeline] // withSonarQubeEnv
[Pipeline] dir
18:13:19  Running in /var/jenkins_home/workspace/ARDIAN_ng911-synergem-api_master
[Pipeline] {
[Pipeline] findFiles
[Pipeline] isUnix
[Pipeline] sh (Creating daumerling)
18:13:19  + md5sum Jenkinsfile
[Pipeline] stash
18:13:19  Stashed 1 file(s)
[Pipeline] }
[Pipeline] // dir
[Pipeline] }
[Pipeline] // script
[Pipeline] }
[Pipeline] // withEnv
[Pipeline] }
[Pipeline] // stage
[Pipeline] echo
18:13:19  Placeholder to integrate Service Now DevOps Module in  Quality Gate stage.
[Pipeline] stage
[Pipeline] { (Quality Gate)
[Pipeline] tool
[Pipeline] envVarsForTool
[Pipeline] withEnv
[Pipeline] {
[Pipeline] script
[Pipeline] {
[Pipeline] isUnix
[Pipeline] sh
18:13:20  + sleep 60
[Pipeline] timeout
18:14:28  Timeout set to expire in 5 min 0 sec
[Pipeline] {
[Pipeline] waitForQualityGate
18:14:28  Checking status of SonarQube task 'AYG5yX33hJnN92Wj28KL' on server 'sonarqube'
18:14:28  SonarQube task 'AYG5yX33hJnN92Wj28KL' status is 'SUCCESS'
18:14:28  SonarQube task 'AYG5yX33hJnN92Wj28KL' completed. Quality gate is 'OK'
[Pipeline] }
[Pipeline] // timeout
[Pipeline] dir
18:14:28  Running in /var/jenkins_home/workspace/ARDIAN_ng911-synergem-api_master
[Pipeline] {
[Pipeline] findFiles
[Pipeline] isUnix
[Pipeline] sh (Creating daumerling)
18:14:28  + md5sum Jenkinsfile
[Pipeline] stash
18:14:28  Stashed 1 file(s)
[Pipeline] }
[Pipeline] // dir
[Pipeline] }
[Pipeline] // script
[Pipeline] }
[Pipeline] // withEnv
[Pipeline] }
[Pipeline] // stage
[Pipeline] }
[Pipeline] // withEnv
[Pipeline] }
[Pipeline] // stage
[Pipeline] echo
18:14:29  Placeholder to integrate Service Now DevOps Module in  Build stage.
[Pipeline] stage
[Pipeline] { (Build)
[Pipeline] tool
[Pipeline] envVarsForTool
[Pipeline] withEnv
[Pipeline] {
[Pipeline] isUnix
[Pipeline] sh
18:14:29  + mvn clean install -DskipTests
18:14:30  [INFO] Scanning for projects...
18:14:30  [WARNING] 
18:14:30  [WARNING] Some problems were encountered while building the effective model for io.ctl.gov:ng911-synergem-api:jar:0.0.7-SNAPSHOT
18:14:30  [WARNING] 'build.plugins.plugin.version' for org.springframework.boot:spring-boot-maven-plugin is missing. @ line 176, column 12
18:14:30  [WARNING] 
18:14:30  [WARNING] It is highly recommended to fix these problems because they threaten the stability of your build.
18:14:30  [WARNING] 
18:14:30  [WARNING] For this reason, future Maven versions might no longer support building such malformed projects.
18:14:30  [WARNING] 
18:14:30  [INFO] ------------------------------------------------------------------------
18:14:30  [INFO] Reactor Build Order:
18:14:30  [INFO] 
18:14:30  [INFO] ng911-synergem                                                     [pom]
18:14:30  [INFO] ng911-synergem-api                                                 [jar]
18:14:30  [INFO] 
18:14:30  [INFO] ---------------------< io.ctl.gov:ng911-synergem >----------------------
18:14:30  [INFO] Building ng911-synergem 0.0.7-SNAPSHOT                             [1/2]
18:14:30  [INFO] --------------------------------[ pom ]---------------------------------
18:14:31  [INFO] 
18:14:31  [INFO] --- maven-clean-plugin:2.5:clean (default-clean) @ ng911-synergem ---
18:14:31  [INFO] 
18:14:31  [INFO] --- maven-install-plugin:2.4:install (default-install) @ ng911-synergem ---
18:14:31  [INFO] Installing /var/jenkins_home/workspace/ARDIAN_ng911-synergem-api_master/pom.xml to /root/.m2/repository/io/ctl/gov/ng911-synergem/0.0.7-SNAPSHOT/ng911-synergem-0.0.7-SNAPSHOT.pom
18:14:31  [INFO] 
18:14:31  [INFO] -------------------< io.ctl.gov:ng911-synergem-api >--------------------
18:14:31  [INFO] Building ng911-synergem-api 0.0.7-SNAPSHOT                         [2/2]
18:14:31  [INFO] --------------------------------[ jar ]---------------------------------
18:14:32  [INFO] 
18:14:32  [INFO] --- maven-clean-plugin:2.5:clean (default-clean) @ ng911-synergem-api ---
18:14:32  [INFO] Deleting /var/jenkins_home/workspace/ARDIAN_ng911-synergem-api_master/ng911-synergem-api/target
18:14:32  [INFO] 
18:14:32  [INFO] --- maven-resources-plugin:3.1.0:copy-resources (copy-resources) @ ng911-synergem-api ---
18:14:32  [WARNING] Using platform encoding (UTF-8 actually) to copy filtered resources, i.e. build is platform dependent!
18:14:32  [INFO] Copying 2 resources
18:14:32  [INFO] 
18:14:32  [INFO] --- os-maven-plugin:1.6.2:detect (default) @ ng911-synergem-api ---
18:14:32  [INFO] ------------------------------------------------------------------------
18:14:32  [INFO] Detecting the operating system and CPU architecture
18:14:32  [INFO] ------------------------------------------------------------------------
18:14:32  [INFO] os.detected.name: linux
18:14:32  [INFO] os.detected.arch: x86_64
18:14:32  [INFO] os.detected.version: 4.15
18:14:32  [INFO] os.detected.version.major: 4
18:14:32  [INFO] os.detected.version.minor: 15
18:14:32  [INFO] os.detected.release: debian
18:14:32  [INFO] os.detected.release.version: 10
18:14:32  [INFO] os.detected.release.like.debian: true
18:14:32  [INFO] os.detected.classifier: linux-x86_64
18:14:32  [INFO] 
18:14:32  [INFO] --- jacoco-maven-plugin:0.8.5:prepare-agent (default) @ ng911-synergem-api ---
18:14:32  [INFO] argLine set to -javaagent:/root/.m2/repository/org/jacoco/org.jacoco.agent/0.8.5/org.jacoco.agent-0.8.5-runtime.jar=destfile=/var/jenkins_home/workspace/ARDIAN_ng911-synergem-api_master/ng911-synergem-api/target/jacoco.exec,append=true,excludes=*MethodAccess
18:14:32  [INFO] 
18:14:32  [INFO] --- protobuf-maven-plugin:0.6.1:compile (default) @ ng911-synergem-api ---
18:14:32  [INFO] Compiling 1 proto file(s) to /var/jenkins_home/workspace/ARDIAN_ng911-synergem-api_master/ng911-synergem-api/target/generated-sources/protobuf/java
18:14:33  [INFO] 
18:14:33  [INFO] --- protobuf-maven-plugin:0.6.1:compile-custom (default) @ ng911-synergem-api ---
18:14:33  [INFO] Compiling 1 proto file(s) to /var/jenkins_home/workspace/ARDIAN_ng911-synergem-api_master/ng911-synergem-api/target/generated-sources/protobuf/grpc-java
18:14:33  [INFO] 
18:14:33  [INFO] --- maven-resources-plugin:3.1.0:resources (default-resources) @ ng911-synergem-api ---
18:14:33  [WARNING] Using platform encoding (UTF-8 actually) to copy filtered resources, i.e. build is platform dependent!
18:14:33  [INFO] Copying 2 resources
18:14:33  [INFO] Copying 1 resource
18:14:33  [INFO] Copying 1 resource
18:14:33  [INFO] 
18:14:33  [INFO] --- maven-compiler-plugin:3.2:compile (default-compile) @ ng911-synergem-api ---
18:14:33  [INFO] Changes detected - recompiling the module!
18:14:33  [WARNING] File encoding has not been set, using platform encoding UTF-8, i.e. build is platform dependent!
18:14:33  [INFO] Compiling 14 source files to /var/jenkins_home/workspace/ARDIAN_ng911-synergem-api_master/ng911-synergem-api/target/classes
18:14:36  [INFO] /var/jenkins_home/workspace/ARDIAN_ng911-synergem-api_master/ng911-synergem-api/target/generated-sources/protobuf/java/io/ctl/gov/ng911/thanos/adapter/prometheus/Prometheus.java: /var/jenkins_home/workspace/ARDIAN_ng911-synergem-api_master/ng911-synergem-api/target/generated-sources/protobuf/java/io/ctl/gov/ng911/thanos/adapter/prometheus/Prometheus.java uses or overrides a deprecated API.
18:14:36  [INFO] /var/jenkins_home/workspace/ARDIAN_ng911-synergem-api_master/ng911-synergem-api/target/generated-sources/protobuf/java/io/ctl/gov/ng911/thanos/adapter/prometheus/Prometheus.java: Recompile with -Xlint:deprecation for details.
18:14:36  [INFO] 
18:14:36  [INFO] --- maven-resources-plugin:3.1.0:testResources (default-testResources) @ ng911-synergem-api ---
18:14:36  [WARNING] Using platform encoding (UTF-8 actually) to copy filtered resources, i.e. build is platform dependent!
18:14:36  [INFO] Copying 4 resources
18:14:36  [INFO] 
18:14:36  [INFO] --- maven-compiler-plugin:3.2:testCompile (default-testCompile) @ ng911-synergem-api ---
18:14:36  [INFO] Changes detected - recompiling the module!
18:14:36  [WARNING] File encoding has not been set, using platform encoding UTF-8, i.e. build is platform dependent!
18:14:36  [INFO] Compiling 6 source files to /var/jenkins_home/workspace/ARDIAN_ng911-synergem-api_master/ng911-synergem-api/target/test-classes
18:14:36  [INFO] /var/jenkins_home/workspace/ARDIAN_ng911-synergem-api_master/ng911-synergem-api/src/test/java/io/ctl/ng911/synergem/service/DGraphServiceTest.java: /var/jenkins_home/workspace/ARDIAN_ng911-synergem-api_master/ng911-synergem-api/src/test/java/io/ctl/ng911/synergem/service/DGraphServiceTest.java uses unchecked or unsafe operations.
18:14:36  [INFO] /var/jenkins_home/workspace/ARDIAN_ng911-synergem-api_master/ng911-synergem-api/src/test/java/io/ctl/ng911/synergem/service/DGraphServiceTest.java: Recompile with -Xlint:unchecked for details.
18:14:36  [INFO] 
18:14:36  [INFO] --- maven-surefire-plugin:3.0.0-M4:test (default-test) @ ng911-synergem-api ---
18:14:36  [INFO] Tests are skipped.
18:14:36  [INFO] 
18:14:36  [INFO] --- jacoco-maven-plugin:0.8.5:report (post-unit-test) @ ng911-synergem-api ---
18:14:36  [INFO] Skipping JaCoCo execution due to missing execution data file.
18:14:36  [INFO] 
18:14:36  [INFO] --- asciidoctor-maven-plugin:1.5.8:process-asciidoc (generate-docs) @ ng911-synergem-api ---
18:14:40  [WARNING] Using platform encoding (UTF-8 actually) to copy filtered resources, i.e. build is platform dependent!
18:14:40  [INFO] Copying 0 resource
18:14:40  [INFO] asciidoctor: ERROR: index.adoc: line 10: include file not found: /var/jenkins_home/workspace/ARDIAN_ng911-synergem-api_master/ng911-synergem-api/target/snippets/metrics-post/http-request.adoc
18:14:40  [INFO] asciidoctor: ERROR: index.adoc: line 13: include file not found: /var/jenkins_home/workspace/ARDIAN_ng911-synergem-api_master/ng911-synergem-api/target/snippets/metrics-post/http-response.adoc
18:14:40  [INFO] Rendered /var/jenkins_home/workspace/ARDIAN_ng911-synergem-api_master/ng911-synergem-api/src/main/asciidoc/index.adoc
18:14:40  [INFO] 
18:14:40  [INFO] --- maven-jar-plugin:2.4:jar (default-jar) @ ng911-synergem-api ---
18:14:40  [INFO] Building jar: /var/jenkins_home/workspace/ARDIAN_ng911-synergem-api_master/ng911-synergem-api/target/ng911-synergem-api-0.0.7-SNAPSHOT.jar
18:14:41  [INFO] 
18:14:41  [INFO] --- spring-boot-maven-plugin:2.7.1:repackage (default) @ ng911-synergem-api ---
18:14:41  [INFO] Replacing main artifact with repackaged archive
18:14:41  [INFO] 
18:14:41  [INFO] --- maven-install-plugin:2.4:install (default-install) @ ng911-synergem-api ---
18:14:41  [INFO] Installing /var/jenkins_home/workspace/ARDIAN_ng911-synergem-api_master/ng911-synergem-api/target/ng911-synergem-api-0.0.7-SNAPSHOT.jar to /root/.m2/repository/io/ctl/gov/ng911-synergem-api/0.0.7-SNAPSHOT/ng911-synergem-api-0.0.7-SNAPSHOT.jar
18:14:41  [INFO] Installing /var/jenkins_home/workspace/ARDIAN_ng911-synergem-api_master/ng911-synergem-api/pom.xml to /root/.m2/repository/io/ctl/gov/ng911-synergem-api/0.0.7-SNAPSHOT/ng911-synergem-api-0.0.7-SNAPSHOT.pom
18:14:41  [INFO] ------------------------------------------------------------------------
18:14:41  [INFO] Reactor Summary for ng911-synergem 0.0.7-SNAPSHOT:
18:14:41  [INFO] 
18:14:41  [INFO] ng911-synergem ..................................... SUCCESS [  0.372 s]
18:14:41  [INFO] ng911-synergem-api ................................. SUCCESS [ 10.371 s]
18:14:41  [INFO] ------------------------------------------------------------------------
18:14:41  [INFO] BUILD SUCCESS
18:14:41  [INFO] ------------------------------------------------------------------------
18:14:41  [INFO] Total time:  10.969 s
18:14:41  [INFO] Finished at: 2022-07-01T12:44:41Z
18:14:41  [INFO] ------------------------------------------------------------------------
[Pipeline] }
[Pipeline] // withEnv
[Pipeline] }
[Pipeline] // stage
[Pipeline] echo
18:14:41  Placeholder to integrate Service Now DevOps Module in  Docker stage.
[Pipeline] stage
[Pipeline] { (Docker)
[Pipeline] tool
[Pipeline] envVarsForTool
[Pipeline] withEnv
[Pipeline] {
[Pipeline] isUnix
[Pipeline] sh
18:14:42  + mvn --projects ng911-synergem-api dockerfile:build dockerfile:push -Dbuild.tag=master
18:14:43  [INFO] Scanning for projects...
18:14:43  [WARNING] 
18:14:43  [WARNING] Some problems were encountered while building the effective model for io.ctl.gov:ng911-synergem-api:jar:0.0.7-SNAPSHOT
18:14:43  [WARNING] 'build.plugins.plugin.version' for org.springframework.boot:spring-boot-maven-plugin is missing. @ line 176, column 12
18:14:43  [WARNING] 
18:14:43  [WARNING] It is highly recommended to fix these problems because they threaten the stability of your build.
18:14:43  [WARNING] 
18:14:43  [WARNING] For this reason, future Maven versions might no longer support building such malformed projects.
18:14:43  [WARNING] 
18:14:44  [INFO] 
18:14:44  [INFO] -------------------< io.ctl.gov:ng911-synergem-api >--------------------
18:14:44  [INFO] Building ng911-synergem-api 0.0.7-SNAPSHOT
18:14:44  [INFO] --------------------------------[ jar ]---------------------------------
18:14:44  [INFO] 
18:14:44  [INFO] --- dockerfile-maven-plugin:1.4.13:build (default-cli) @ ng911-synergem-api ---
18:14:45  [INFO] dockerfile: null
18:14:45  [INFO] contextDirectory: /var/jenkins_home/workspace/ARDIAN_ng911-synergem-api_master/ng911-synergem-api
18:14:45  [INFO] Building Docker context /var/jenkins_home/workspace/ARDIAN_ng911-synergem-api_master/ng911-synergem-api
18:14:45  [INFO] Path(dockerfile): null
18:14:45  [INFO] Path(contextDirectory): /var/jenkins_home/workspace/ARDIAN_ng911-synergem-api_master/ng911-synergem-api
18:14:45  [INFO] 
18:14:45  [INFO] Image will be built as portr.ctl.io/ng911/ng911-synergem-api:master-0.0.7-SNAPSHOT
18:14:45  [INFO] 
18:14:51  [INFO] Step 1/5 : FROM portr.ctl.io/eis/openjdk:8u151-jdk-alpine
18:14:51  [INFO] 
18:14:51  [INFO] Pulling from eis/openjdk
18:14:51  [INFO] Digest: sha256:e79472c1d43d9949408868a2ebbd1ed58cbc73b403e94155ee7807b20bdd3bc2
18:14:51  [INFO] Status: Image is up to date for portr.ctl.io/eis/openjdk:8u151-jdk-alpine
18:14:51  [INFO]  ---> cc2179b8f042
18:14:51  [INFO] Step 2/5 : ARG JAR_FILE
18:14:51  [INFO] 
18:14:51  [INFO]  ---> Using cache
18:14:51  [INFO]  ---> 6aa36b54b32e
18:14:51  [INFO] Step 3/5 : RUN apk update && apk add --no-cache libc6-compat
18:14:51  [INFO] 
18:14:51  [INFO]  ---> Using cache
18:14:51  [INFO]  ---> c916cc9037ed
18:14:51  [INFO] Step 4/5 : ADD target/${JAR_FILE} app.jar
18:14:51  [INFO] 
18:14:53  [INFO]  ---> 186cb26fd635
18:14:53  [INFO] Step 5/5 : ENTRYPOINT ["java","-jar","/app.jar"]
18:14:53  [INFO] 
18:14:53  [INFO]  ---> Running in 507c0d2b0883
18:14:53  [INFO] Removing intermediate container 507c0d2b0883
18:14:53  [INFO]  ---> 38ed371855de
18:14:53  [INFO] [Warning] One or more build-args [BUILD_DIR] were not consumed
18:14:53  [INFO] Successfully built 38ed371855de
18:14:53  [INFO] Successfully tagged portr.ctl.io/ng911/ng911-synergem-api:master-0.0.7-SNAPSHOT
18:14:53  [INFO] 
18:14:53  [INFO] Detected build of image with id 38ed371855de
18:14:53  [INFO] Building jar: /var/jenkins_home/workspace/ARDIAN_ng911-synergem-api_master/ng911-synergem-api/target/ng911-synergem-api-0.0.7-SNAPSHOT-docker-info.jar
18:14:53  [INFO] Successfully built portr.ctl.io/ng911/ng911-synergem-api:master-0.0.7-SNAPSHOT
18:14:53  [INFO] 
18:14:53  [INFO] --- dockerfile-maven-plugin:1.4.13:push (default-cli) @ ng911-synergem-api ---
18:14:53  [WARNING] Did not find maven server configuration for docker server portr.ctl.io
18:14:53  [INFO] The push refers to repository [portr.ctl.io/ng911/ng911-synergem-api]
18:14:54  [INFO] Image 2e01dc26f384: Preparing
18:14:54  [INFO] Image f8ca8a815191: Preparing
18:14:54  [INFO] Image 01bca7cb4826: Preparing
18:14:54  [INFO] Image a8cc3712c14a: Preparing
18:14:54  [INFO] Image cd7100a72410: Preparing
18:14:54  [INFO] Image a8cc3712c14a: Layer already exists
18:14:55  [INFO] Image 01bca7cb4826: Layer already exists
18:14:55  [INFO] Image cd7100a72410: Layer already exists
18:14:55  [INFO] Image f8ca8a815191: Layer already exists
18:14:55  [INFO] Image 2e01dc26f384: Pushing
18:15:03  [INFO] Image 2e01dc26f384: Pushed
18:15:07  [INFO] master-0.0.7-SNAPSHOT: digest: sha256:e604afdb58fc303d32097bd341a90b6dad2dbb4641609ee1d52507386b22e9ce size: 1370
18:15:07  [INFO] ------------------------------------------------------------------------
18:15:07  [INFO] BUILD SUCCESS
18:15:07  [INFO] ------------------------------------------------------------------------
18:15:07  [INFO] Total time:  23.880 s
18:15:07  [INFO] Finished at: 2022-07-01T12:45:07Z
18:15:07  [INFO] ------------------------------------------------------------------------
[Pipeline] isUnix
[Pipeline] sh
18:15:08  + mvn -P docs --projects ng911-synergem-api dockerfile:build dockerfile:push -Dbuild.tag=master
18:15:09  [INFO] Scanning for projects...
18:15:09  [WARNING] 
18:15:09  [WARNING] Some problems were encountered while building the effective model for io.ctl.gov:ng911-synergem-api:jar:0.0.7-SNAPSHOT
18:15:09  [WARNING] 'build.plugins.plugin.version' for org.springframework.boot:spring-boot-maven-plugin is missing. @ line 176, column 12
18:15:09  [WARNING] 
18:15:09  [WARNING] It is highly recommended to fix these problems because they threaten the stability of your build.
18:15:09  [WARNING] 
18:15:09  [WARNING] For this reason, future Maven versions might no longer support building such malformed projects.
18:15:09  [WARNING] 
18:15:09  [INFO] 
18:15:09  [INFO] -------------------< io.ctl.gov:ng911-synergem-api >--------------------
18:15:09  [INFO] Building ng911-synergem-api 0.0.7-SNAPSHOT
18:15:09  [INFO] --------------------------------[ jar ]---------------------------------
18:15:09  [INFO] 
18:15:09  [INFO] --- dockerfile-maven-plugin:1.4.13:build (default-cli) @ ng911-synergem-api ---
18:15:11  [INFO] dockerfile: null
18:15:11  [INFO] contextDirectory: /var/jenkins_home/workspace/ARDIAN_ng911-synergem-api_master/ng911-synergem-api/target/generated-docs
18:15:11  [INFO] Building Docker context /var/jenkins_home/workspace/ARDIAN_ng911-synergem-api_master/ng911-synergem-api/target/generated-docs
18:15:11  [INFO] Path(dockerfile): null
18:15:11  [INFO] Path(contextDirectory): /var/jenkins_home/workspace/ARDIAN_ng911-synergem-api_master/ng911-synergem-api/target/generated-docs
18:15:11  [INFO] 
18:15:11  [INFO] Image will be built as portr.ctl.io/ng911/ng911-synergem-docs:master-0.0.7-SNAPSHOT
18:15:11  [INFO] 
18:15:13  [INFO] Step 1/4 : FROM nginx:1.9.9
18:15:13  [INFO] 
18:15:14  [INFO] Pulling from library/nginx
18:15:14  [INFO] Image docker.io/library/nginx:1.9.9 uses outdated schema1 manifest format. Please upgrade to a schema2 image for better future compatibility. More information at https://docs.docker.com/registry/spec/deprecated-schema-v1/
18:15:14  [INFO] Image 81cc5f26a6a0: Already exists
18:15:14  [INFO] Image a3ed95caeb02: Already exists
18:15:14  [INFO] Image 595ee19faf5a: Already exists
18:15:14  [INFO] Image 95b9225f5bbd: Already exists
18:15:14  [INFO] Image 230fdafdb250: Already exists
18:15:14  [INFO] Image d50f99407954: Already exists
18:15:14  [INFO] Image de62b7e9c183: Already exists
18:15:14  [INFO] Digest: sha256:c56e8eaec9ff118688c857e263f744039f5ba9fe3b30efcaeef5342f27534a01
18:15:14  [INFO] Status: Image is up to date for nginx:1.9.9
18:15:14  [INFO]  ---> fb7fe53bd952
18:15:14  [INFO] Step 2/4 : EXPOSE 80
18:15:14  [INFO] 
18:15:14  [INFO]  ---> Using cache
18:15:14  [INFO]  ---> 1ec821fb718c
18:15:14  [INFO] Step 3/4 : ADD nginx.conf /etc/nginx/
18:15:14  [INFO] 
18:15:14  [INFO]  ---> Using cache
18:15:14  [INFO]  ---> 9248e2ceee4b
18:15:14  [INFO] Step 4/4 : ADD / /usr/share/nginx/html/
18:15:14  [INFO] 
18:15:14  [INFO]  ---> Using cache
18:15:14  [INFO]  ---> eb656d426ff1
18:15:14  [INFO] [Warning] One or more build-args [BUILD_DIR JAR_FILE] were not consumed
18:15:14  [INFO] Successfully built eb656d426ff1
18:15:14  [INFO] Successfully tagged portr.ctl.io/ng911/ng911-synergem-docs:master-0.0.7-SNAPSHOT
18:15:14  [INFO] 
18:15:14  [INFO] Detected build of image with id eb656d426ff1
18:15:14  [INFO] Building jar: /var/jenkins_home/workspace/ARDIAN_ng911-synergem-api_master/ng911-synergem-api/target/ng911-synergem-api-0.0.7-SNAPSHOT-docker-info.jar
18:15:14  [INFO] Successfully built portr.ctl.io/ng911/ng911-synergem-docs:master-0.0.7-SNAPSHOT
18:15:14  [INFO] 
18:15:14  [INFO] --- dockerfile-maven-plugin:1.4.13:push (default-cli) @ ng911-synergem-api ---
18:15:14  [WARNING] Did not find maven server configuration for docker server portr.ctl.io
18:15:14  [INFO] The push refers to repository [portr.ctl.io/ng911/ng911-synergem-docs]
18:15:15  [INFO] Image 8ca31dbf86c3: Preparing
18:15:15  [INFO] Image 7f6cb350be08: Preparing
18:15:15  [INFO] Image 5f70bf18a086: Preparing
18:15:15  [INFO] Image 84b177d75bea: Preparing
18:15:15  [INFO] Image 86ac4687e632: Preparing
18:15:15  [INFO] Image 0999f519e67f: Preparing
18:15:15  [INFO] Image 031716937f03: Preparing
18:15:15  [INFO] Image f5af250f2ec4: Preparing
18:15:15  [INFO] Image 628a915caf0d: Preparing
18:15:15  [INFO] Image 0999f519e67f: Waiting
18:15:15  [INFO] Image 031716937f03: Waiting
18:15:15  [INFO] Image f5af250f2ec4: Waiting
18:15:15  [INFO] Image 628a915caf0d: Waiting
18:15:15  [INFO] Image 7f6cb350be08: Layer already exists
18:15:15  [INFO] Image 86ac4687e632: Layer already exists
18:15:15  [INFO] Image 84b177d75bea: Layer already exists
18:15:15  [INFO] Image 031716937f03: Layer already exists
18:15:16  [INFO] Image 8ca31dbf86c3: Layer already exists
18:15:16  [INFO] Image 0999f519e67f: Layer already exists
18:15:16  [INFO] Image 628a915caf0d: Layer already exists
18:15:16  [INFO] Image 5f70bf18a086: Layer already exists
18:15:16  [INFO] Image f5af250f2ec4: Layer already exists
18:15:20  [INFO] master-0.0.7-SNAPSHOT: digest: sha256:9985aeadecef78930f23dbc4d9835ef5d3d3b8b86214c4acf596c0b38161aa45 size: 3220
18:15:20  [INFO] ------------------------------------------------------------------------
18:15:20  [INFO] BUILD SUCCESS
18:15:20  [INFO] ------------------------------------------------------------------------
18:15:20  [INFO] Total time:  10.941 s
18:15:20  [INFO] Finished at: 2022-07-01T12:45:20Z
18:15:20  [INFO] ------------------------------------------------------------------------
[Pipeline] }
[Pipeline] // withEnv
[Pipeline] }
[Pipeline] // stage
[Pipeline] echo
18:15:20  Placeholder to integrate Service Now DevOps Module in  Helm stage.
[Pipeline] stage
[Pipeline] { (Helm)
[Pipeline] tool
[Pipeline] envVarsForTool
[Pipeline] withEnv
[Pipeline] {
[Pipeline] script
[Pipeline] {
[Pipeline] configFileProvider
18:15:21  provisioning config files...
18:15:21  copy managed file [ng911.kubeconfig] to file:/var/jenkins_home/workspace/ARDIAN_ng911-synergem-api_master@tmp/config7606751806762979642tmp
[Pipeline] {
[Pipeline] isUnix
[Pipeline] sh
18:15:21  + helm upgrade -i ng911-synergem-api-master --namespace=ng911-master --set api.tag=master-0.0.7-SNAPSHOT --set branch=master --set timestamp=82 --set api.kafka.topic=synergem-inbound-master --set api.kafka.groupId=synergem-inbound-master-0 ./ng911-synergem-api/src/main/helm
18:15:23  Release "ng911-synergem-api-master" has been upgraded. Happy Helming!
18:15:23  NAME: ng911-synergem-api-master
18:15:23  LAST DEPLOYED: Fri Jul  1 12:45:22 2022
18:15:23  NAMESPACE: ng911-master
18:15:23  STATUS: deployed
18:15:23  REVISION: 197
18:15:23  TEST SUITE: None
[Pipeline] isUnix
[Pipeline] sh
18:15:23  + helm upgrade -i ng911-synergem-consumer-master --namespace=ng911-master --set api.tag=master-0.0.7-SNAPSHOT --set branch=master --set timestamp=82 --set api.kafka.topic=synergem-inbound-master --set api.kafka.groupId=synergem-inbound-master-0 --set consumer.environment=master ./ng911-synergem-api/src/main/helm-consumer
18:15:25  Release "ng911-synergem-consumer-master" has been upgraded. Happy Helming!
18:15:25  NAME: ng911-synergem-consumer-master
18:15:25  LAST DEPLOYED: Fri Jul  1 12:45:24 2022
18:15:25  NAMESPACE: ng911-master
18:15:25  STATUS: deployed
18:15:25  REVISION: 194
18:15:25  TEST SUITE: None
[Pipeline] isUnix
[Pipeline] sh
18:15:25  + helm upgrade -i ng911-synergem-atos-consumer-master --namespace=ng911-master --set api.tag=master-0.0.7-SNAPSHOT --set branch=master --set timestamp=82 --set api.kafka.topic=synergem-inbound-master --set api.kafka.groupId=atos-synergem-inbound-master-0 --set consumer.environment=master ./ng911-synergem-api/src/main/helm-consumer-atos
18:15:26  Release "ng911-synergem-atos-consumer-master" has been upgraded. Happy Helming!
18:15:26  NAME: ng911-synergem-atos-consumer-master
18:15:26  LAST DEPLOYED: Fri Jul  1 12:45:25 2022
18:15:26  NAMESPACE: ng911-master
18:15:26  STATUS: deployed
18:15:26  REVISION: 155
18:15:26  TEST SUITE: None
[Pipeline] isUnix
[Pipeline] sh
18:15:26  + helm upgrade -i ng911-synergem-ruler-master --namespace=ng911-master --set timestamp=82 ./ng911-synergem-api/src/main/helm-rules
18:15:28  Release "ng911-synergem-ruler-master" has been upgraded. Happy Helming!
18:15:28  NAME: ng911-synergem-ruler-master
18:15:28  LAST DEPLOYED: Fri Jul  1 12:45:27 2022
18:15:28  NAMESPACE: ng911-master
18:15:28  STATUS: deployed
18:15:28  REVISION: 134
18:15:28  TEST SUITE: None
[Pipeline] }
18:15:28  Deleting 1 temporary files
[Pipeline] // configFileProvider
[Pipeline] }
[Pipeline] // script
[Pipeline] }
[Pipeline] // withEnv
[Pipeline] }
[Pipeline] // stage
[Pipeline] echo
18:15:28  Placeholder to integrate Service Now DevOps Module in  Adoption Stats stage.
[Pipeline] stage
[Pipeline] { (Adoption Stats)
[Pipeline] tool
[Pipeline] envVarsForTool
[Pipeline] withEnv
[Pipeline] {
[Pipeline] script
[Pipeline] {
[Pipeline] isUnix
[Pipeline] sh
18:15:29  + sh adoption-stats.sh
[Pipeline] echo
18:15:30  CHECK ✅️: JSL jsl-jenkins-shared-library using version release/20220617 without warnings.
[Pipeline] unstash
[Pipeline] echo
18:15:30  There is no deployment contracted, defaulting to: No deployment found
[Pipeline] unstash
[Pipeline] echo
18:15:30  No artifacts generated in this Pipeline
[Pipeline] echo
18:15:30  No Artifact reference has been provided for the DeploymentGate.
[Pipeline] echo
18:15:30  WARNING: The artifact used for this deployment has not passed the tests. Continue executing …
[Pipeline] withCredentials
18:15:30  Masking supported pattern matches of $BREAD_CRUMBS_FILE
[Pipeline] {
[Pipeline] isUnix
[Pipeline] sh (Getting expected crumbs from credentials)
18:15:31  + set +x
[Pipeline] unstash
[Pipeline] unstash
[Pipeline] unstash
[Pipeline] unstash
[Pipeline] echo
18:15:31  missing crumb testing_bread_crumb
[Pipeline] }
[Pipeline] // withCredentials
[Pipeline] isUnix
[Pipeline] sh (Looking for each crumb)
18:15:31  + set +x
[Pipeline] writeJSON
[Pipeline] isUnix
[Pipeline] sh
18:15:32  + set +x
[Pipeline] isUnix
[Pipeline] sh
18:15:32  + set +x
[Pipeline] withCredentials
18:15:32  Masking supported pattern matches of $USERNAME or $ACCESS_TOKEN
[Pipeline] {
[Pipeline] echo
18:15:32  Not a PR. Looking at commit sha PRs.
[Pipeline] isUnix
[Pipeline] sh (Fetching last successful commit)
18:15:33  + set +x
18:15:33  commit 8fc2a71c738661df46b36b551d8088e3a64c8a5f
18:15:33  Author: hmsayyads <SayyadHidayat.Munir@centurylink.com>
18:15:33  Date:   Tue Jan 11 13:43:43 2022 +0530
18:15:33  
18:15:33      Version update to next release
[Pipeline] isUnix
[Pipeline] sh (Get changelog from 15859118e25aba551cfeb2a8e5bb7a10a5aed6f0 to 8fc2a71c738661df46b36b551d8088e3a64c8)
18:15:33  + set +x
[Pipeline] readJSON
[Pipeline] readJSON
[Pipeline] readJSON
[Pipeline] readJSON
[Pipeline] readJSON
[Pipeline] readJSON
[Pipeline] readJSON
[Pipeline] readJSON
[Pipeline] readJSON
[Pipeline] readJSON
[Pipeline] readJSON
[Pipeline] isUnix
[Pipeline] sh
18:15:34  + set +x
[Pipeline] isUnix
[Pipeline] sh
18:15:35  + set +x
[Pipeline] withCredentials
18:15:35  Masking supported pattern matches of $USERNAME or $ACCESS_TOKEN
[Pipeline] {
[Pipeline] isUnix
[Pipeline] sh (Getting last GitHub Pull Request SHA ${commitId})
18:15:35  + set +x
[Pipeline] readJSON
[Pipeline] }
[Pipeline] // withCredentials
[Pipeline] echo
18:15:35  PR Not found for 15859118e25aba551cfeb2a8e5bb7a10a5aed6f0. Probable direct commit
[Pipeline] isUnix
[Pipeline] sh
18:15:36  + set +x
[Pipeline] isUnix
[Pipeline] sh
18:15:36  + set +x
[Pipeline] withCredentials
18:15:36  Masking supported pattern matches of $USERNAME or $ACCESS_TOKEN
[Pipeline] {
[Pipeline] isUnix
[Pipeline] sh (Getting last GitHub Pull Request SHA ${commitId})
18:15:37  + set +x
[Pipeline] readJSON
[Pipeline] }
[Pipeline] // withCredentials
[Pipeline] echo
18:15:37  PR Not found for bc4c4cd43393feb0b0da5e24220386d35ced524a. Probable direct commit
[Pipeline] isUnix
[Pipeline] sh
18:15:37  + set +x
[Pipeline] isUnix
[Pipeline] sh
18:15:38  + set +x
[Pipeline] withCredentials
18:15:38  Masking supported pattern matches of $USERNAME or $ACCESS_TOKEN
[Pipeline] {
[Pipeline] isUnix
[Pipeline] sh (Getting last GitHub Pull Request SHA ${commitId})
18:15:38  + set +x
[Pipeline] readJSON
[Pipeline] }
[Pipeline] // withCredentials
[Pipeline] echo
18:15:38  PR Not found for 03e82de5ffd38a0c8f85719e3bf5de4d825368bb. Probable direct commit
[Pipeline] isUnix
[Pipeline] sh
18:15:39  + set +x
[Pipeline] isUnix
[Pipeline] sh
18:15:39  + set +x
[Pipeline] withCredentials
18:15:39  Masking supported pattern matches of $USERNAME or $ACCESS_TOKEN
[Pipeline] {
[Pipeline] isUnix
[Pipeline] sh (Getting last GitHub Pull Request SHA ${commitId})
18:15:39  + set +x
[Pipeline] readJSON
[Pipeline] }
[Pipeline] // withCredentials
[Pipeline] echo
18:15:40  PR Not found for bf533b568243a37c8651db41053aaf0f807f4c21. Probable direct commit
[Pipeline] isUnix
[Pipeline] sh
18:15:40  + set +x
[Pipeline] isUnix
[Pipeline] sh
18:15:40  + set +x
[Pipeline] withCredentials
18:15:40  Masking supported pattern matches of $USERNAME or $ACCESS_TOKEN
[Pipeline] {
[Pipeline] isUnix
[Pipeline] sh (Getting last GitHub Pull Request SHA ${commitId})
18:15:41  + set +x
[Pipeline] readJSON
[Pipeline] }
[Pipeline] // withCredentials
[Pipeline] echo
18:15:41  PR Not found for c7c7648dfc52004da8349c5c52d71d22a1fb470d. Probable direct commit
[Pipeline] isUnix
[Pipeline] sh
18:15:42  + set +x
[Pipeline] isUnix
[Pipeline] sh
18:15:42  + set +x
[Pipeline] withCredentials
18:15:42  Masking supported pattern matches of $USERNAME or $ACCESS_TOKEN
[Pipeline] {
[Pipeline] isUnix
[Pipeline] sh (Getting last GitHub Pull Request SHA ${commitId})
18:15:42  + set +x
[Pipeline] readJSON
[Pipeline] }
[Pipeline] // withCredentials
[Pipeline] isUnix
[Pipeline] sh (Getting GitHub Pull Request info)
18:15:43  + set +x
[Pipeline] readJSON
[Pipeline] isUnix
[Pipeline] sh (Getting GitHub Pull Request reviewers info)
18:15:44  + set +x
[Pipeline] readJSON
[Pipeline] isUnix
[Pipeline] sh
18:15:45  + set +x
[Pipeline] isUnix
[Pipeline] sh
18:15:45  + set +x
[Pipeline] withCredentials
18:15:45  Masking supported pattern matches of $USERNAME or $ACCESS_TOKEN
[Pipeline] {
[Pipeline] isUnix
[Pipeline] sh (Getting last GitHub Pull Request SHA ${commitId})
18:15:46  + set +x
[Pipeline] readJSON
[Pipeline] }
[Pipeline] // withCredentials
[Pipeline] echo
18:15:46  PR Not found for b99c58a394cf7dfff279e80c3a09746ac0d99cbf. Probable direct commit
[Pipeline] isUnix
[Pipeline] sh
18:15:46  + set +x
[Pipeline] isUnix
[Pipeline] sh
18:15:47  + set +x
[Pipeline] withCredentials
18:15:47  Masking supported pattern matches of $USERNAME or $ACCESS_TOKEN
[Pipeline] {
[Pipeline] isUnix
[Pipeline] sh (Getting last GitHub Pull Request SHA ${commitId})
18:15:47  + set +x
[Pipeline] readJSON
[Pipeline] }
[Pipeline] // withCredentials
[Pipeline] isUnix
[Pipeline] sh (Getting GitHub Pull Request info)
18:15:48  + set +x
[Pipeline] readJSON
[Pipeline] isUnix
[Pipeline] sh (Getting GitHub Pull Request reviewers info)
18:15:49  + set +x
[Pipeline] readJSON
[Pipeline] isUnix
[Pipeline] sh
18:15:49  + set +x
[Pipeline] isUnix
[Pipeline] sh
18:15:50  + set +x
[Pipeline] withCredentials
18:15:50  Masking supported pattern matches of $USERNAME or $ACCESS_TOKEN
[Pipeline] {
[Pipeline] isUnix
[Pipeline] sh (Getting last GitHub Pull Request SHA ${commitId})
18:15:50  + set +x
[Pipeline] readJSON
[Pipeline] }
[Pipeline] // withCredentials
[Pipeline] isUnix
[Pipeline] sh (Getting GitHub Pull Request info)
18:15:51  + set +x
[Pipeline] readJSON
[Pipeline] isUnix
[Pipeline] sh (Getting GitHub Pull Request reviewers info)
18:15:52  + set +x
[Pipeline] readJSON
[Pipeline] isUnix
[Pipeline] sh
18:15:53  + set +x
[Pipeline] isUnix
[Pipeline] sh
18:15:53  + set +x
[Pipeline] withCredentials
18:15:53  Masking supported pattern matches of $USERNAME or $ACCESS_TOKEN
[Pipeline] {
[Pipeline] isUnix
[Pipeline] sh (Getting last GitHub Pull Request SHA ${commitId})
18:15:53  + set +x
[Pipeline] readJSON
[Pipeline] }
[Pipeline] // withCredentials
[Pipeline] isUnix
[Pipeline] sh (Getting GitHub Pull Request info)
18:15:54  + set +x
[Pipeline] readJSON
[Pipeline] isUnix
[Pipeline] sh (Getting GitHub Pull Request reviewers info)
18:15:55  + set +x
[Pipeline] readJSON
[Pipeline] isUnix
[Pipeline] sh
18:15:56  + set +x
[Pipeline] isUnix
[Pipeline] sh
18:15:56  + set +x
[Pipeline] withCredentials
18:15:56  Masking supported pattern matches of $USERNAME or $ACCESS_TOKEN
[Pipeline] {
[Pipeline] isUnix
[Pipeline] sh (Getting last GitHub Pull Request SHA ${commitId})
18:15:56  + set +x
[Pipeline] readJSON
[Pipeline] }
[Pipeline] // withCredentials
[Pipeline] isUnix
[Pipeline] sh (Getting GitHub Pull Request info)
18:15:57  + set +x
[Pipeline] readJSON
[Pipeline] isUnix
[Pipeline] sh (Getting GitHub Pull Request reviewers info)
18:15:58  + set +x
[Pipeline] readJSON
[Pipeline] writeJSON
[Pipeline] }
[Pipeline] // withCredentials
[Pipeline] isUnix
[Pipeline] sh (Jenkins Build Json)
18:16:00  + set +x
18:16:00    % Total    % Received % Xferd  Average Speed   Time    Time     Time  Current
18:16:00                                   Dload  Upload   Total   Spent    Left  Speed
18:16:00  
  0     0    0     0    0     0      0      0 --:--:-- --:--:-- --:--:--     0
100  5720  100  5720    0     0  45760      0 --:--:-- --:--:-- --:--:-- 45760
[Pipeline] readJSON
[Pipeline] isUnix
[Pipeline] sh (Format Timestamp)
18:16:00  + echo 1656679324054
18:16:00  + sed s/.\{3\}$//
18:16:00  + date=1656679324
18:16:00  + date -d @1656679324 +%Y-%m-%d %H:%M:%S
[Pipeline] echo
18:16:00  CHECK ✅️: JSL jsl-jenkins-shared-library using version release/20220617 without warnings.
[Pipeline] writeJSON
[Pipeline] isUnix
[Pipeline] sh
18:16:01  + rm -rf authorize_prod_deploy
[Pipeline] unstash
[Pipeline] isUnix
[Pipeline] sh (Searching Config File)
18:16:01  + find . -name sonar-project.properties
[Pipeline] isUnix
[Pipeline] sh (Get PROJECT_KEY)
18:16:02  + set +x
[Pipeline] isUnix
[Pipeline] sh (Get SONAR_HOST)
18:16:02  + set +x
[Pipeline] echo
18:16:02  Using Default Configuration
[Pipeline] withCredentials
18:16:02  Masking supported pattern matches of $SONARQUBE_TOKEN
[Pipeline] {
[Pipeline] isUnix
[Pipeline] sh (Get Code Smells)
18:16:02  + set +x
[Pipeline] readJSON
[Pipeline] isUnix
[Pipeline] sh (Get Bugs)
18:16:03  + set +x
[Pipeline] readJSON
[Pipeline] isUnix
[Pipeline] sh (Get Vulnerabilities)
18:16:03  + set +x
[Pipeline] readJSON
[Pipeline] isUnix
[Pipeline] sh (Get Security Hotspots)
18:16:04  + set +x
[Pipeline] readJSON
[Pipeline] isUnix
[Pipeline] sh (Get Coverage)
18:16:04  + set +x
[Pipeline] readJSON
[Pipeline] isUnix
[Pipeline] sh (Get SecurityRating)
18:16:05  + set +x
[Pipeline] readJSON
[Pipeline] writeJSON
[Pipeline] }
[Pipeline] // withCredentials
[Pipeline] echo
18:16:05  Skip Prod was not requested, Continuing Stats as it is
[Pipeline] withCredentials
18:16:06  Masking supported pattern matches of $GIT_USERNAME or $GIT_PASSWORD
[Pipeline] {
[Pipeline] isUnix
[Pipeline] sh (Create mal folder)
18:16:06  + set +x
[Pipeline] isUnix
[Pipeline] sh (Adding Jenkins Report. Build 82)
18:16:07  + set +x
[Pipeline] isUnix
[Pipeline] sh (Adding Jira Report. Build 82)
18:16:07  + set +x
18:16:07  Jira report not found
[Pipeline] isUnix
[Pipeline] sh (Adding GitHub Report. Build 82)
18:16:07  + set +x
[Pipeline] isUnix
[Pipeline] sh (Adding pipelineMtLvl Report. Build 82)
18:16:08  + set +x
[Pipeline] isUnix
[Pipeline] sh (Adding Sonar Report. Build 82)
18:16:08  + set +x
[Pipeline] isUnix
[Pipeline] sh (Adding Timing Report. Build 82)
18:16:09  + set +x
18:16:09  Timing report not found
[Pipeline] isUnix
[Pipeline] sh (Adding Tests Reports. Build 82)
18:16:09  + set +x
18:16:09  E2E report not found
[Pipeline] isUnix
[Pipeline] sh (Adding qa Report. Build 82)
18:16:09  + set +x
18:16:09  qa report not found
[Pipeline] unstash
[Pipeline] echo
18:16:09  No QA reports for NG911-GUARDIAN/ng911-synergem-api/master build number82
[Pipeline] unstash
[Pipeline] echo
18:16:10  No Nexus reports for NG911-GUARDIAN/ng911-synergem-api/master build number82
[Pipeline] unstash
[Pipeline] echo
18:16:10  No Nexus certification reports for NG911-GUARDIAN/ng911-synergem-api/master build number82
[Pipeline] unstash
[Pipeline] echo
18:16:10  No Morpheus reports for NG911-GUARDIAN/ng911-synergem-api/master build number82
[Pipeline] unstash
[Pipeline] echo
18:16:10  No ITCDM reports for NG911-GUARDIAN/ng911-synergem-api/master build number82
[Pipeline] unstash
[Pipeline] echo
18:16:10  No Anchore reports for NG911-GUARDIAN/ng911-synergem-api/master build number82
[Pipeline] echo
18:16:10  Pushing Report to Pipeline Maturity Level repository in GitHub will be done on Separate Job
[Pipeline] isUnix
[Pipeline] sh (Creating statsAggregate directory)
18:16:10  + rm -rf NG911-GUARDIAN/NG911-GUARDIAN/ng911-synergem-api/master/statsAggregate
[Pipeline] isUnix
[Pipeline] sh (Creating statsAggregate directory)
18:16:11  + mkdir -p NG911-GUARDIAN/NG911-GUARDIAN/ng911-synergem-api/master/statsAggregate
[Pipeline] isUnix
[Pipeline] sh (Generating aggregated tgz for 82)
18:16:11  + set +x
18:16:11  NG911-GUARDIAN/NG911-GUARDIAN/ng911-synergem-api/master/GitHub/gitHubStats-20220701-124606.json
18:16:11  NG911-GUARDIAN/NG911-GUARDIAN/ng911-synergem-api/master/Jenkins/jenkinsStats-20220701-124606.json
18:16:11  NG911-GUARDIAN/NG911-GUARDIAN/ng911-synergem-api/master/pipelineMtLvl/pipelineMtLvl-20220701-124606.json
18:16:11  NG911-GUARDIAN/NG911-GUARDIAN/ng911-synergem-api/master/Sonar/sonarqubeStats-20220701-124606.json
[Pipeline] isUnix
[Pipeline] sh (Pushing Report to Pipeline Maturity Level repository in Nexus as Build 82)
18:16:11  + set +x
[Pipeline] withCredentials
18:16:12  Masking supported pattern matches of $NEXUS_CREDENTIALS_FILE
[Pipeline] {
[Pipeline] isUnix
[Pipeline] sh (Deploy NG911-GUARDIAN/NG911-GUARDIAN/ng911-synergem-api/master/GitHub/gitHubStats-20220701-124606.js)
18:16:12  + set +x
18:16:12    % Total    % Received % Xferd  Average Speed   Time    Time     Time  Current
18:16:12                                   Dload  Upload   Total   Spent    Left  Speed
18:16:12  
  0     0    0     0    0     0      0      0 --:--:-- --:--:-- --:--:--     0curl: (6) Could not resolve host: nexusprod.corp.intranet
18:16:12  000
[Pipeline] }
[Pipeline] // withCredentials
[Pipeline] }
[Pipeline] // withCredentials
[Pipeline] }
[Pipeline] // script
[Pipeline] }
[Pipeline] // withEnv
[Pipeline] }
[Pipeline] // stage
[Pipeline] echo
18:16:12  Placeholder to integrate Service Now DevOps Module in  Declarative: Post Actions stage.
[Pipeline] stage
[Pipeline] { (Declarative: Post Actions)
[Pipeline] isUnix
[Pipeline] sh
18:16:13  + set +x
[Pipeline] withCredentials
18:16:13  Masking supported pattern matches of $JIRA_CREDENTIALS_FILE
[Pipeline] {
[Pipeline] isUnix
[Pipeline] sh (Getting Jira Server)
18:16:14  + set +x
[Pipeline] }
[Pipeline] // withCredentials
Error when executing failure post condition:
java.lang.NoSuchMethodError: No such DSL method 'jiraSendBuildInfo' found among steps [archive, bat, build, catchError, checkout, compareVersions, deleteDir, dir, dockerFingerprintFrom, dockerFingerprintRun, dockerNode, echo, emailext, emailextrecipients, envVarsForTool, error, fileExists, findBuildScans, findFiles, getContext, git, input, isUnix, junit, library, libraryResource, load, lock, mail, milestone, node, nodesByLabel, office365ConnectorSend, parallel, powershell, properties, publishChecks, publishHTML, pwd, pwsh, readCSV, readFile, readJSON, readManifest, readMavenPom, readProperties, readTrusted, readYaml, resolveScm, retry, script, sh, sha1, sleep, stage, stash, step, svn, tee, timeout, timestamps, tm, tool, touch, unarchive, unstable, unstash, unzip, validateDeclarativePipeline, waitForQualityGate, waitUntil, warnError, withChecks, withContext, withCredentials, withDockerContainer, withDockerRegistry, withDockerServer, withEnv, withGradle, wrap, writeCSV, writeFile, writeJSON, writeMavenPom, writeYaml, ws, zip] or symbols [all, allBranchesSame, allOf, always, ant, antFromApache, antOutcome, antTarget, any, anyOf, apiToken, architecture, archiveArtifacts, artifactManager, attach, authorizationMatrix, batchFile, booleanParam, branch, brokenBuildSuspects, brokenTestsSuspects, buildButton, buildDiscarder, buildDiscarders, buildRetention, buildUser, buildingTag, caseInsensitive, caseSensitive, certificate, changeRequest, changelog, changeset, checkoutToSubdirectory, choice, choiceParam, cleanWs, clock, command, configFile, configFileProvider, credentials, cron, crumb, culprits, default, defaultFolderConfiguration, defaultView, demand, developers, disableConcurrentBuilds, disableResume, docker, dockerCert, dockerServer, dockerTool, dockerfile, downstream, dumb, durabilityHint, email-ext, envVars, envVarsFilter, environment, equals, executor, expression, extendedEmailPublisher, file, fileParam, filePath, fingerprint, fingerprints, frameOptions, freeStyle, freeStyleJob, fromDocker, fromScm, fromSource, git, gitBranchDiscovery, gitHubBranchDiscovery, gitHubBranchHeadAuthority, gitHubExcludeArchivedRepositories, gitHubExcludePublicRepositories, gitHubForkDiscovery, gitHubPullRequestDiscovery, gitHubSshCheckout, gitHubTagDiscovery, gitHubTopicsFilter, gitHubTrustContributors, gitHubTrustEveryone, gitHubTrustNobody, gitHubTrustPermissions, gitTagDiscovery, github, githubPush, globalConfigFiles, gradle, headRegexFilter, headWildcardFilter, hyperlink, hyperlinkToModels, inheriting, inheritingGlobal, installSource, isRestartedRun, jacoco, jdk, jdkInstaller, jgit, jgitapache, jnlp, jobBuildDiscarder, jobName, junitTestResultStorage, label, lastDuration, lastFailure, lastGrantedAuthorities, lastStable, lastSuccess, legacy, legacySCM, list, local, location, logRotator, loggedInUsersCanDoAnything, mailer, masterBuild, maven, maven3Mojos, mavenErrors, mavenGlobalConfig, mavenMojos, mavenWarnings, modernSCM, myView, namedBranchesDifferent, newContainerPerStage, node, nodeProperties, nodejs, nodejsci, nonInheriting, none, not, office365ConnectorSend, office365ConnectorWebhooks, overrideIndexTriggers, paneStatus, parallelsAlwaysFailFast, parameters, password, pattern, permanent, pipeline-model, pipeline-model-docker, pipelineTriggers, plainText, plugin, pollSCM, preserveStashes, projectNamingStrategy, proxy, pruneTags, queueItemAuthenticator, quietPeriod, rateLimit, rateLimitBuilds, recipients, requestor, resourceRoot, retainOnlyVariables, run, runParam, sSHLauncher, schedule, scmRetryCount, scriptApproval, scriptApprovalLink, search, security, shell, simpleBuildDiscarder, skipDefaultCheckout, skipStagesAfterUnstable, slave, sourceRegexFilter, sourceWildcardFilter, ssh, sshPublicKey, sshUserPrivateKey, standard, status, string, stringParam, suppressAutomaticTriggering, swapSpace, tag, teamSlugFilter, text, textParam, timestamper, timestamperConfig, timezone, tmpSpace, toolLocation, triggeredBy, unsecured, untrusted, upstream, upstreamDevelopers, userSeed, usernameColonPassword, usernamePassword, viewsTabBar, weather, withAnt, withSonarQubeEnv, workspace, x509ClientCert, zip] or globals [currentBuild, docker, env, jslAdoptionCheckMaturityLevel, jslAdoptionGitHubStats, jslAdoptionJenkinsStats, jslAdoptionJiraStats, jslAdoptionJslChecker, jslAdoptionMain, jslAdoptionNexusRead, jslAdoptionNexusSearch, jslAdoptionNexusWrite, jslAdoptionPushReportsToGithub, jslAdoptionSonarStats, jslAdoptionTimingStats, jslAgentsLintDockerfiles, jslAgentsLocalBuild, jslAgentsParallelImageBuilds, jslAgentsRemoteReTagAndPush, jslAgentsRemoteTagAndPush, jslAnchoreAnalyzeImage, jslAppComponent, jslAppComponentBatch, jslArtifactDeploymentGate, jslAuditChangelog, jslAwsCliWrapper, jslAzureWrapper, jslBMConfigProp, jslBMLibraryPipeline, jslBMOMBuildAndPushToNexus, jslBMOMDeploy, jslBMPipeline, jslBMProdClusterDeploy, jslBmEmailNotification, jslBuildAndPushToNexus, jslBuildAndPushToNexus3, jslBuildAnt, jslBuildGradle, jslBuildMaven, jslBuildNpm, jslBuildSfdx, jslBuildVlocity, jslBuildWrapperBumpWorkspaceUpdater, jslBuildYarn, jslCFamilyMakeWrapper, jslCheckQualityGates, jslCheckSonarQualityGate, jslCleanPath, jslCreateKubeConfig, jslCreateSimpleManifest, jslCreateSonarAddittionalProjects, jslDIOHelmDeploy, jslDaumerlings, jslDeleteMergedBranches, jslDeployJSL, jslDeployK8SControlKnob, jslDeployK8s, jslDeployK8sManifest, jslDeployK8sManifestWithEnv, jslDeployToMorpheus, jslDeploymentContractValidationRead, jslDeploymentContractValidationWrite, jslDeploymentControlKnob, jslDirectBuildAndPushToNexus, jslDirectoryManagerEmployees, jslDockerImageAddCrumbsForProduction, jslDockerImageExtractCrumbs, jslDockerImageValidationForProduction, jslDotNetWrapper, jslDownloadFileFromNexus, jslETSCreateDeployRequest, jslETSGenerateSOECheckerLibReport, jslETSGetEnvironment, jslETSGetReleaseTarget, jslEmailNotification, jslEmptyHook, jslExtractBranchFromDeployment, jslGCRCategoryType, jslGCRCheckApproval, jslGCRCreate, jslGCRDevOpsCheck, jslGCRDevOpsCreate, jslGCRDevOpsFallbackUpdate, jslGCRDevOpsIsAllowed, jslGCRDevOpsUpdate, jslGCRGetTagAttributes, jslGCRPrune, jslGCRReadJira, jslGCRSearch, jslGCRTag, jslGCRTagCommit, jslGCRUpdate, jslGCRUpdateJira, jslGenerateApache2DockerFile, jslGenerateConfigMapFromFile, jslGenerateDotnetDockerFile, jslGenerateManifestForSimpleDotnet, jslGenerateManifestForSimpleJava, jslGenerateManifestForSimpleNginx, jslGenerateManifestFromTemplate, jslGenerateManifestFromTemplateWithAD, jslGenerateManifestFromTemplateWithEnv, jslGenerateManualTestReport, jslGenerateNginxDockerFile, jslGeneratePipelineWatermark, jslGenerateSFValidationTest, jslGetClosedPRs, jslGetInstanceMorpheus, jslGetJiraServerFromCredentials, jslGetK8sDeployments, jslGetLifecycleEnvironment, jslGetPullRequestIssue, jslGitEasyChangelog, jslGitGetFirstCommit, jslGitGetRepoName, jslGitGetRepoOwner, jslGitGetSha, jslGitHubBranchProtection, jslGitHubCloneRepo, jslGitHubCorporateEmail, jslGitHubDeploymentCreate, jslGitHubDeploymentGetId, jslGitHubDeploymentGetOrCreate, jslGitHubDeploymentGetStatus, jslGitHubDeploymentSetStatus, jslGitHubGetLastPR, jslGitHubGetTopics, jslGitHubGetWebsite, jslGitHubLabels, jslGitHubMessage, jslGitHubPRCreate, jslGitHubPRMerge, jslGitHubPackageVersionUpdates, jslGitHubPushRepo, jslGitHubReleaseCreate, jslGitHubReleaseGetId, jslGitHubReleaseLog, jslGitHubReleaseUpdate, jslGitHubSecurityAlert, jslGitHubSetTopics, jslGitHubStatus, jslGitHubStatusChecks, jslGitHubWebhookCreate, jslGitHublGetLastPRHead, jslGradleWrapper, jslGrypeAnalyzeImage, jslHelmDeploy, jslHubWrapper, jslIsInsideDocker, jslItcdmAddStatusBuildData, jslItcdmCreateBuildConfigId, jslItcdmGenerateCustomLabel, jslItcdmGenerateDeploymentStats, jslItcdmGenerateLabel, jslItcdmGenerateTarArtifact, jslItcdmGetApplicationId, jslItcdmGetBuildConfigId, jslItcdmGetBuildData, jslItcdmGetChangeSets, jslItcdmGetChangeUser, jslItcdmGetDeploymentId, jslItcdmGetJobConsole, jslItcdmInitialConfigCheck, jslItcdmPublishBuildData, jslItcdmScriptsRetrieve, jslItcdmUploadTarArtifact, jslJavadocToMarkdown, jslJenkinsCreateCredential, jslJenkinsCreateFolder, jslJenkinsCreateJob, jslJenkinsCreateMavenSettingsConfigFile, jslJenkinsGetFolderName, jslJenkinsGetFolderPath, jslJenkinsGetFolderWithRights, jslJenkinsGetGCJobXml, jslJenkinsGetRegularJobXml, jslJenkinsGetSecretFileCredXml, jslJenkinsGetSecretTextCredXml, jslJenkinsGetUserPasswordCredXml, jslJenkinsLogs, jslJenkinsPrefix, jslJenkinsRequest, jslJiraCommand, jslJiraCompliantStatus, jslJiraPullChangeLogTestResults, jslJiraPullTestResults, jslJiraSendBuildInfo, jslJiraSendDeploymentInfo, jslJiraXrayResultImport, jslKubeconfigWrapper, jslKubectlTemplateWrapper, jslLifecycleMorpheus, jslLoginMorpheus, jslLogoutMorpheus, jslMavenGetProperties, jslMavenWrapper, jslMd5, jslMigrateRepoWithoutPRs, jslMorpheusWorkflow, jslMvnProjectVersion, jslNexusGetLastAsset, jslNexusSearchLastAsset, jslNotification, jslNotifyTeams, jslNpmGetPackageJsonVersion, jslNpmPublish, jslNpmWrapper, jslNpxWrapper, jslPAYdeployK8sManifest, jslPipelineCXS, jslPipelinePortalFrameworkMicroapp, jslPipelinePortalFrameworkMicroappPruneJob, jslPipelinePortalFrameworkMicroappPublish, jslPostQualityGate7Validation, jslPrintAnsi, jslProcessClosedPR, jslPruneDeployment, jslPrunePR, jslPublishCheckStyleReports, jslPublishCppCheckReports, jslPublishCucumberReport, jslPublishHTMLTestResults, jslPublishPerlCriticReports, jslPublishPylintReports, jslPublishTestResults, jslPublishTrxTestResults, jslPythonWrapper, jslQualityGate, jslQualityGate6GCRValidation, jslQualityGateCodeCoverage, jslQualityGatesValidation, jslReadSkipProdValidation, jslReconfigureInstanceMorpheus, jslSalesforceDownloadJars, jslSkipProdValidation, jslSonarAssignPermissions, jslSonarCNESReport, jslSonarQubeStaticAnalysis, jslSoxClarityProjects, jslSqlCommand, jslTerraformWrapper, jslTomBuildAndPushToNexus, jslTomDeploy, jslTriggerRemoteJob, jslUploadFileToNexus, jslValidRestartStages, jslWaitForDeployment, jslWaitForStatusMorpheus, jslWandershaft, jslYarnWrapper, jslZipUncrypt, params, pipeline, scm, sh, stage]
	at org.jenkinsci.plugins.workflow.cps.DSL.invokeMethod(DSL.java:216)
	at org.jenkinsci.plugins.workflow.cps.CpsScript.invokeMethod(CpsScript.java:122)
	at sun.reflect.GeneratedMethodAccessor4138.invoke(Unknown Source)
	at sun.reflect.DelegatingMethodAccessorImpl.invoke(DelegatingMethodAccessorImpl.java:43)
	at java.lang.reflect.Method.invoke(Method.java:498)
	at org.codehaus.groovy.reflection.CachedMethod.invoke(CachedMethod.java:93)
	at groovy.lang.MetaMethod.doMethodInvoke(MetaMethod.java:325)
	at groovy.lang.MetaClassImpl.invokeMethod(MetaClassImpl.java:1213)
	at groovy.lang.MetaClassImpl.invokeMethod(MetaClassImpl.java:1022)
	at org.codehaus.groovy.runtime.callsite.PogoMetaClassSite.call(PogoMetaClassSite.java:42)
	at org.codehaus.groovy.runtime.callsite.CallSiteArray.defaultCall(CallSiteArray.java:48)
	at org.codehaus.groovy.runtime.callsite.AbstractCallSite.call(AbstractCallSite.java:113)
	at org.kohsuke.groovy.sandbox.impl.Checker$1.call(Checker.java:163)
	at org.kohsuke.groovy.sandbox.GroovyInterceptor.onMethodCall(GroovyInterceptor.java:23)
	at org.jenkinsci.plugins.scriptsecurity.sandbox.groovy.SandboxInterceptor.onMethodCall(SandboxInterceptor.java:157)
	at org.jenkinsci.plugins.scriptsecurity.sandbox.groovy.SandboxInterceptor.onMethodCall(SandboxInterceptor.java:142)
	at org.kohsuke.groovy.sandbox.impl.Checker$1.call(Checker.java:161)
	at org.kohsuke.groovy.sandbox.impl.Checker.checkedCall(Checker.java:165)
	at com.cloudbees.groovy.cps.sandbox.SandboxInvoker.methodCall(SandboxInvoker.java:17)
	at jslJiraSendBuildInfo.call(jslJiraSendBuildInfo.groovy:38)
	at jslJiraSendBuildInfo.call(jslJiraSendBuildInfo.groovy)
	at jslNotification.call(jslNotification.groovy:31)
	at jslNotification.call(jslNotification.groovy)
	at WorkflowScript.run(WorkflowScript:218)
	at org.jenkinsci.plugins.pipeline.modeldefinition.ModelInterpreter.delegateAndExecute(ModelInterpreter.groovy:137)
	at org.jenkinsci.plugins.pipeline.modeldefinition.ModelInterpreter.runPostConditions(ModelInterpreter.groovy:756)
	at org.jenkinsci.plugins.pipeline.modeldefinition.ModelInterpreter.catchRequiredContextForNode(ModelInterpreter.groovy:395)
	at org.jenkinsci.plugins.pipeline.modeldefinition.ModelInterpreter.catchRequiredContextForNode(ModelInterpreter.groovy:393)
	at org.jenkinsci.plugins.pipeline.modeldefinition.ModelInterpreter.runPostConditions(ModelInterpreter.groovy:755)
	at com.cloudbees.groovy.cps.CpsDefaultGroovyMethods.each(CpsDefaultGroovyMethods:2030)
	at com.cloudbees.groovy.cps.CpsDefaultGroovyMethods.each(CpsDefaultGroovyMethods:2015)
	at com.cloudbees.groovy.cps.CpsDefaultGroovyMethods.each(CpsDefaultGroovyMethods:2056)
	at org.jenkinsci.plugins.pipeline.modeldefinition.ModelInterpreter.runPostConditions(ModelInterpreter.groovy:745)
	at org.jenkinsci.plugins.pipeline.modeldefinition.ModelInterpreter.runPostConditions(ModelInterpreter.groovy)
	at org.jenkinsci.plugins.pipeline.modeldefinition.ModelInterpreter.executePostBuild(ModelInterpreter.groovy:723)
	at ___cps.transform___(Native Method)
	at com.cloudbees.groovy.cps.impl.ContinuationGroup.methodCall(ContinuationGroup.java:86)
	at com.cloudbees.groovy.cps.impl.FunctionCallBlock$ContinuationImpl.dispatchOrArg(FunctionCallBlock.java:113)
	at com.cloudbees.groovy.cps.impl.FunctionCallBlock$ContinuationImpl.fixArg(FunctionCallBlock.java:83)
	at sun.reflect.GeneratedMethodAccessor1134.invoke(Unknown Source)
	at sun.reflect.DelegatingMethodAccessorImpl.invoke(DelegatingMethodAccessorImpl.java:43)
	at java.lang.reflect.Method.invoke(Method.java:498)
	at com.cloudbees.groovy.cps.impl.ContinuationPtr$ContinuationImpl.receive(ContinuationPtr.java:72)
	at com.cloudbees.groovy.cps.impl.CollectionLiteralBlock$ContinuationImpl.dispatch(CollectionLiteralBlock.java:55)
	at com.cloudbees.groovy.cps.impl.CollectionLiteralBlock$ContinuationImpl.item(CollectionLiteralBlock.java:45)
	at sun.reflect.GeneratedMethodAccessor1047.invoke(Unknown Source)
	at sun.reflect.DelegatingMethodAccessorImpl.invoke(DelegatingMethodAccessorImpl.java:43)
	at java.lang.reflect.Method.invoke(Method.java:498)
	at com.cloudbees.groovy.cps.impl.ContinuationPtr$ContinuationImpl.receive(ContinuationPtr.java:72)
	at com.cloudbees.groovy.cps.impl.LocalVariableBlock$LocalVariable.get(LocalVariableBlock.java:39)
	at com.cloudbees.groovy.cps.LValueBlock$GetAdapter.receive(LValueBlock.java:30)
	at com.cloudbees.groovy.cps.impl.LocalVariableBlock.evalLValue(LocalVariableBlock.java:28)
	at com.cloudbees.groovy.cps.LValueBlock$BlockImpl.eval(LValueBlock.java:55)
	at com.cloudbees.groovy.cps.LValueBlock.eval(LValueBlock.java:16)
	at com.cloudbees.groovy.cps.Next.step(Next.java:83)
	at com.cloudbees.groovy.cps.Continuable$1.call(Continuable.java:174)
	at com.cloudbees.groovy.cps.Continuable$1.call(Continuable.java:163)
	at org.codehaus.groovy.runtime.GroovyCategorySupport$ThreadCategoryInfo.use(GroovyCategorySupport.java:129)
	at org.codehaus.groovy.runtime.GroovyCategorySupport.use(GroovyCategorySupport.java:268)
	at com.cloudbees.groovy.cps.Continuable.run0(Continuable.java:163)
	at org.jenkinsci.plugins.workflow.cps.SandboxContinuable.access$001(SandboxContinuable.java:18)
	at org.jenkinsci.plugins.workflow.cps.SandboxContinuable.run0(SandboxContinuable.java:51)
	at org.jenkinsci.plugins.workflow.cps.CpsThread.runNextChunk(CpsThread.java:185)
	at org.jenkinsci.plugins.workflow.cps.CpsThreadGroup.run(CpsThreadGroup.java:400)
	at org.jenkinsci.plugins.workflow.cps.CpsThreadGroup.access$400(CpsThreadGroup.java:96)
	at org.jenkinsci.plugins.workflow.cps.CpsThreadGroup$2.call(CpsThreadGroup.java:312)
	at org.jenkinsci.plugins.workflow.cps.CpsThreadGroup$2.call(CpsThreadGroup.java:276)
	at org.jenkinsci.plugins.workflow.cps.CpsVmExecutorService$2.call(CpsVmExecutorService.java:67)
	at java.util.concurrent.FutureTask.run(FutureTask.java:266)
	at hudson.remoting.SingleLaneExecutorService$1.run(SingleLaneExecutorService.java:139)
	at jenkins.util.ContextResettingExecutorService$1.run(ContextResettingExecutorService.java:28)
	at jenkins.security.ImpersonatingExecutorService$1.run(ImpersonatingExecutorService.java:68)
	at java.util.concurrent.Executors$RunnableAdapter.call(Executors.java:511)
	at java.util.concurrent.FutureTask.run(FutureTask.java:266)
	at java.util.concurrent.ThreadPoolExecutor.runWorker(ThreadPoolExecutor.java:1149)
	at java.util.concurrent.ThreadPoolExecutor$Worker.run(ThreadPoolExecutor.java:624)
	at java.lang.Thread.run(Thread.java:748)

[Pipeline] }
[Pipeline] // stage
[Pipeline] }
[Pipeline] // withEnv
[Pipeline] }
[Pipeline] // timeout
[Pipeline] }
[Pipeline] // timestamps
[Pipeline] }
[Pipeline] // withEnv
[Pipeline] }
[Pipeline] // withEnv
[Pipeline] }
[Pipeline] // node
[Pipeline] End of Pipeline

GitHub has been notified of this commit’s build result

ERROR: script returned exit code 6
Finished: FAILURE
REST API
Jenkins 2.280